TpTrace Verbose: 0 : 38856, 1, 2023/09/10, 11:37:46.710, 17084852697369, vstest.console.dll, Version: 17.6.3-release-20230616-01 Current process architecture: X64
TpTrace Verbose: 0 : 38856, 1, 2023/09/10, 11:37:46.711, 17084852708077, vstest.console.dll, Runtime location: C:\Program Files\dotnet\shared\Microsoft.NETCore.App\7.0.9
TpTrace Verbose: 0 : 38856, 1, 2023/09/10, 11:37:46.712, 17084852724378, vstest.console.dll, ArtifactProcessingPostProcessModeProcessorExecutor.Initialize: ArtifactProcessingMode.Collect
TpTrace Verbose: 0 : 38856, 1, 2023/09/10, 11:37:46.712, 17084852725223, vstest.console.dll, TestSessionCorrelationIdProcessorModeProcessorExecutor.Initialize: TestSessionCorrelationId '46400_f3c511f9-bbe9-4882-9122-0fc775022d7e'
TpTrace Information: 0 : 38856, 1, 2023/09/10, 11:37:46.717, 17084852774135, vstest.console.dll, FilePatternParser: The given file E:\Github\Examinations-System\ExaminationsSystem.Application.Test\bin\Debug\net7.0\fine-code-coverage\build-output\ExaminationsSystem.Application.Test.dll is a full path.
TpTrace Verbose: 0 : 38856, 1, 2023/09/10, 11:37:46.720, 17084852807041, vstest.console.dll, TestPluginCache.DiscoverTestExtensions: finding test extensions in assemblies ends with: RuntimeProvider.dll TPluginInfo: Microsoft.VisualStudio.TestPlatform.Common.ExtensionFramework.Utilities.TestRuntimePluginInformation TExtension: Microsoft.VisualStudio.TestPlatform.ObjectModel.Host.ITestRuntimeProvider
TpTrace Verbose: 0 : 38856, 1, 2023/09/10, 11:37:46.721, 17084852809419, vstest.console.dll, TestPluginCache.GetExtensionPaths: Filtered extension paths: 
TpTrace Verbose: 0 : 38856, 1, 2023/09/10, 11:37:46.721, 17084852809996, vstest.console.dll, TestPluginCache.GetExtensionPaths: Added default extension paths: C:\Program Files\dotnet\sdk\7.0.306\Extensions\Microsoft.Diagnostics.NETCore.Client.dll
C:\Program Files\dotnet\sdk\7.0.306\Extensions\Microsoft.TestPlatform.Extensions.BlameDataCollector.dll
C:\Program Files\dotnet\sdk\7.0.306\Extensions\Microsoft.TestPlatform.Extensions.EventLogCollector.dll
C:\Program Files\dotnet\sdk\7.0.306\Extensions\Microsoft.TestPlatform.TestHostRuntimeProvider.dll
C:\Program Files\dotnet\sdk\7.0.306\Extensions\Microsoft.VisualStudio.TestPlatform.Extensions.Html.TestLogger.dll
C:\Program Files\dotnet\sdk\7.0.306\Extensions\Microsoft.VisualStudio.TestPlatform.Extensions.Trx.TestLogger.dll
TpTrace Verbose: 0 : 38856, 1, 2023/09/10, 11:37:46.721, 17084852810224, vstest.console.dll, TestPluginCache.GetExtensionPaths: Added unfilterableExtensionPaths: 
TpTrace Information: 0 : 38856, 1, 2023/09/10, 11:37:46.721, 17084852814810, vstest.console.dll, AssemblyResolver.ctor: Creating AssemblyResolver with searchDirectories C:\Program Files\dotnet\sdk\7.0.306\Extensions,C:\Program Files\dotnet\sdk\7.0.306
TpTrace Verbose: 0 : 38856, 1, 2023/09/10, 11:37:46.722, 17084852822049, vstest.console.dll, TestPluginCache.DiscoverTestExtensions: Discovering the extensions using extension path.
TpTrace Verbose: 0 : 38856, 1, 2023/09/10, 11:37:46.722, 17084852822831, vstest.console.dll, TestPluginCache.GetExtensionPaths: Filtered extension paths: 
TpTrace Verbose: 0 : 38856, 1, 2023/09/10, 11:37:46.722, 17084852823124, vstest.console.dll, TestPluginCache.GetExtensionPaths: Added default extension paths: C:\Program Files\dotnet\sdk\7.0.306\Extensions\Microsoft.Diagnostics.NETCore.Client.dll
C:\Program Files\dotnet\sdk\7.0.306\Extensions\Microsoft.TestPlatform.Extensions.BlameDataCollector.dll
C:\Program Files\dotnet\sdk\7.0.306\Extensions\Microsoft.TestPlatform.Extensions.EventLogCollector.dll
C:\Program Files\dotnet\sdk\7.0.306\Extensions\Microsoft.TestPlatform.TestHostRuntimeProvider.dll
C:\Program Files\dotnet\sdk\7.0.306\Extensions\Microsoft.VisualStudio.TestPlatform.Extensions.Html.TestLogger.dll
C:\Program Files\dotnet\sdk\7.0.306\Extensions\Microsoft.VisualStudio.TestPlatform.Extensions.Trx.TestLogger.dll
TpTrace Verbose: 0 : 38856, 1, 2023/09/10, 11:37:46.722, 17084852823297, vstest.console.dll, TestPluginCache.GetExtensionPaths: Added unfilterableExtensionPaths: 
TpTrace Verbose: 0 : 38856, 1, 2023/09/10, 11:37:46.722, 17084852824326, vstest.console.dll, TestPluginCache.DiscoverTestExtensions: Discovering the extensions using allExtensionPaths: C:\Program Files\dotnet\sdk\7.0.306\Extensions\Microsoft.Diagnostics.NETCore.Client.dll
C:\Program Files\dotnet\sdk\7.0.306\Extensions\Microsoft.TestPlatform.Extensions.BlameDataCollector.dll
C:\Program Files\dotnet\sdk\7.0.306\Extensions\Microsoft.TestPlatform.Extensions.EventLogCollector.dll
C:\Program Files\dotnet\sdk\7.0.306\Extensions\Microsoft.TestPlatform.TestHostRuntimeProvider.dll
C:\Program Files\dotnet\sdk\7.0.306\Extensions\Microsoft.VisualStudio.TestPlatform.Extensions.Html.TestLogger.dll
C:\Program Files\dotnet\sdk\7.0.306\Extensions\Microsoft.VisualStudio.TestPlatform.Extensions.Trx.TestLogger.dll
TpTrace Information: 0 : 38856, 1, 2023/09/10, 11:37:46.722, 17084852825256, vstest.console.dll, AssemblyResolver.AddSearchDirectories: Adding more searchDirectories C:\Program Files\dotnet\sdk\7.0.306\Extensions,C:\Program Files\dotnet\sdk\7.0.306
TpTrace Information: 0 : 38856, 1, 2023/09/10, 11:37:46.722, 17084852825757, vstest.console.dll, AssemblyResolver.AddSearchDirectories: Adding more searchDirectories C:\Program Files\dotnet\sdk\7.0.306\Extensions,C:\Program Files\dotnet\sdk\7.0.306
TpTrace Information: 0 : 38856, 1, 2023/09/10, 11:37:46.722, 17084852826038, vstest.console.dll, AssemblyResolver.AddSearchDirectories: Adding more searchDirectories C:\Program Files\dotnet\sdk\7.0.306\Extensions,C:\Program Files\dotnet\sdk\7.0.306
TpTrace Information: 0 : 38856, 1, 2023/09/10, 11:37:46.722, 17084852826206, vstest.console.dll, AssemblyResolver.AddSearchDirectories: Adding more searchDirectories C:\Program Files\dotnet\sdk\7.0.306\Extensions,C:\Program Files\dotnet\sdk\7.0.306
TpTrace Information: 0 : 38856, 1, 2023/09/10, 11:37:46.722, 17084852826365, vstest.console.dll, AssemblyResolver.AddSearchDirectories: Adding more searchDirectories C:\Program Files\dotnet\sdk\7.0.306\Extensions,C:\Program Files\dotnet\sdk\7.0.306
TpTrace Information: 0 : 38856, 1, 2023/09/10, 11:37:46.722, 17084852826545, vstest.console.dll, AssemblyResolver.AddSearchDirectories: Adding more searchDirectories C:\Program Files\dotnet\sdk\7.0.306\Extensions,C:\Program Files\dotnet\sdk\7.0.306
TpTrace Information: 0 : 38856, 1, 2023/09/10, 11:37:46.723, 17084852829457, vstest.console.dll, AssemblyResolver.OnResolve: Microsoft.Diagnostics.NETCore.Client: Resolving assembly.
TpTrace Information: 0 : 38856, 1, 2023/09/10, 11:37:46.723, 17084852829971, vstest.console.dll, AssemblyResolver.OnResolve: Microsoft.Diagnostics.NETCore.Client: Searching in: 'C:\Program Files\dotnet\sdk\7.0.306\Extensions'.
TpTrace Information: 0 : 38856, 1, 2023/09/10, 11:37:46.727, 17084852876038, vstest.console.dll, AssemblyResolver.OnResolve: Microsoft.Diagnostics.NETCore.Client: Loading assembly 'C:\Program Files\dotnet\sdk\7.0.306\Extensions\Microsoft.Diagnostics.NETCore.Client.dll'.
TpTrace Information: 0 : 38856, 1, 2023/09/10, 11:37:46.728, 17084852879689, vstest.console.dll, AssemblyResolver.OnResolve: Resolved assembly: Microsoft.Diagnostics.NETCore.Client, from path: C:\Program Files\dotnet\sdk\7.0.306\Extensions\Microsoft.Diagnostics.NETCore.Client.dll
TpTrace Verbose: 0 : 38856, 1, 2023/09/10, 11:37:46.728, 17084852886963, vstest.console.dll, MetadataReaderExtensionsHelper: Discovering extensions inside assembly 'Microsoft.Diagnostics.NETCore.Client, Version=0.2.6.42401, Culture=neutral, PublicKeyToken=31bf3856ad364e35' file path 'C:\Program Files\dotnet\sdk\7.0.306\Extensions\Microsoft.Diagnostics.NETCore.Client.dll'
TpTrace Information: 0 : 38856, 1, 2023/09/10, 11:37:46.731, 17084852911052, vstest.console.dll, AssemblyResolver.OnResolve: Microsoft.Bcl.AsyncInterfaces: Resolving assembly.
TpTrace Information: 0 : 38856, 1, 2023/09/10, 11:37:46.731, 17084852911445, vstest.console.dll, AssemblyResolver.OnResolve: Microsoft.Bcl.AsyncInterfaces: Searching in: 'C:\Program Files\dotnet\sdk\7.0.306\Extensions'.
TpTrace Information: 0 : 38856, 1, 2023/09/10, 11:37:46.731, 17084852912023, vstest.console.dll, AssemblyResolver.OnResolve: Microsoft.Bcl.AsyncInterfaces: Assembly path does not exist: 'C:\Program Files\dotnet\sdk\7.0.306\Extensions\Microsoft.Bcl.AsyncInterfaces.dll', returning.
TpTrace Information: 0 : 38856, 1, 2023/09/10, 11:37:46.731, 17084852912909, vstest.console.dll, AssemblyResolver.OnResolve: Microsoft.Bcl.AsyncInterfaces: Assembly path does not exist: 'C:\Program Files\dotnet\sdk\7.0.306\Extensions\Microsoft.Bcl.AsyncInterfaces.exe', returning.
TpTrace Information: 0 : 38856, 1, 2023/09/10, 11:37:46.731, 17084852913157, vstest.console.dll, AssemblyResolver.OnResolve: Microsoft.Bcl.AsyncInterfaces: Searching in: 'C:\Program Files\dotnet\sdk\7.0.306'.
TpTrace Information: 0 : 38856, 1, 2023/09/10, 11:37:46.731, 17084852913620, vstest.console.dll, AssemblyResolver.OnResolve: Microsoft.Bcl.AsyncInterfaces: Assembly path does not exist: 'C:\Program Files\dotnet\sdk\7.0.306\Microsoft.Bcl.AsyncInterfaces.dll', returning.
TpTrace Information: 0 : 38856, 1, 2023/09/10, 11:37:46.731, 17084852914030, vstest.console.dll, AssemblyResolver.OnResolve: Microsoft.Bcl.AsyncInterfaces: Assembly path does not exist: 'C:\Program Files\dotnet\sdk\7.0.306\Microsoft.Bcl.AsyncInterfaces.exe', returning.
TpTrace Information: 0 : 38856, 1, 2023/09/10, 11:37:46.731, 17084852914273, vstest.console.dll, AssemblyResolver.OnResolve: Microsoft.Bcl.AsyncInterfaces: Failed to load assembly.
TpTrace Verbose: 0 : 38856, 1, 2023/09/10, 11:37:46.731, 17084852914467, vstest.console.dll, CurrentDomainAssemblyResolve: Resolving assembly 'Microsoft.Bcl.AsyncInterfaces'.
TpTrace Information: 0 : 38856, 1, 2023/09/10, 11:37:46.731, 17084852914792, vstest.console.dll, AssemblyResolver.OnResolve: Microsoft.Bcl.AsyncInterfaces: Resolving assembly.
TpTrace Information: 0 : 38856, 1, 2023/09/10, 11:37:46.731, 17084852915015, vstest.console.dll, AssemblyResolver.OnResolve: Microsoft.Bcl.AsyncInterfaces: Resolved from cache.
TpTrace Verbose: 0 : 38856, 1, 2023/09/10, 11:37:46.731, 17084852915167, vstest.console.dll, CurrentDomainAssemblyResolve: Resolving assembly 'Microsoft.Bcl.AsyncInterfaces'.
TpTrace Verbose: 0 : 38856, 1, 2023/09/10, 11:37:46.731, 17084852915384, vstest.console.dll, CurrentDomainAssemblyResolve: Failed to resolve assembly 'Microsoft.Bcl.AsyncInterfaces'.
TpTrace Verbose: 0 : 38856, 1, 2023/09/10, 11:37:46.732, 17084852920219, vstest.console.dll, CurrentDomainAssemblyResolve: Failed to resolve assembly 'Microsoft.Bcl.AsyncInterfaces'.
TpTrace Warning: 0 : 38856, 1, 2023/09/10, 11:37:46.736, 17084852961331, vstest.console.dll, TestPluginDiscoverer: Failed to get types from assembly 'Microsoft.Diagnostics.NETCore.Client, Version=0.2.6.42401, Culture=neutral, PublicKeyToken=31bf3856ad364e35'. Error: System.Reflection.ReflectionTypeLoadException: Unable to load one or more of the requested types.
Could not load file or assembly 'Microsoft.Bcl.AsyncInterfaces, Version=1.0.0.0, Culture=neutral, PublicKeyToken=cc7b13ffcd2ddd51'. The system cannot find the file specified.
   at System.Reflection.RuntimeModule.GetTypes(RuntimeModule module)
   at System.Reflection.Assembly.GetTypes()
   at Microsoft.VisualStudio.TestPlatform.Common.ExtensionFramework.TestPluginDiscoverer.GetTestExtensionsFromAssembly[TPluginInfo,TExtension](Assembly assembly, Dictionary`2 pluginInfos, String filePath)
System.IO.FileNotFoundException: Could not load file or assembly 'Microsoft.Bcl.AsyncInterfaces, Version=1.0.0.0, Culture=neutral, PublicKeyToken=cc7b13ffcd2ddd51'. The system cannot find the file specified.
File name: 'Microsoft.Bcl.AsyncInterfaces, Version=1.0.0.0, Culture=neutral, PublicKeyToken=cc7b13ffcd2ddd51'
 ---> System.IO.FileNotFoundException: Could not load file or assembly 'Microsoft.Bcl.AsyncInterfaces, Culture=neutral, PublicKeyToken=null'. The system cannot find the file specified.
File name: 'Microsoft.Bcl.AsyncInterfaces, Culture=neutral, PublicKeyToken=null'
   at System.Reflection.RuntimeAssembly.InternalLoad(AssemblyName assemblyName, StackCrawlMark& stackMark, AssemblyLoadContext assemblyLoadContext, RuntimeAssembly requestingAssembly, Boolean throwOnFileNotFound)
   at System.Reflection.Assembly.Load(AssemblyName assemblyRef)
   at Microsoft.VisualStudio.TestPlatform.Common.ExtensionFramework.TestPluginCache.CurrentDomainAssemblyResolve(Object sender, AssemblyResolveEventArgs args)
   at System.Runtime.Loader.AssemblyLoadContext.GetFirstResolvedAssemblyFromResolvingEvent(AssemblyName assemblyName)
   at System.Runtime.Loader.AssemblyLoadContext.ResolveUsingEvent(AssemblyName assemblyName)
   at System.Runtime.Loader.AssemblyLoadContext.ResolveUsingResolvingEvent(IntPtr gchManagedAssemblyLoadContext, AssemblyName assemblyName)
TpTrace Warning: 0 : 38856, 1, 2023/09/10, 11:37:46.736, 17084852963683, vstest.console.dll, LoaderExceptions: System.IO.FileNotFoundException: Could not load file or assembly 'Microsoft.Bcl.AsyncInterfaces, Version=1.0.0.0, Culture=neutral, PublicKeyToken=cc7b13ffcd2ddd51'. The system cannot find the file specified.
File name: 'Microsoft.Bcl.AsyncInterfaces, Version=1.0.0.0, Culture=neutral, PublicKeyToken=cc7b13ffcd2ddd51'
 ---> System.IO.FileNotFoundException: Could not load file or assembly 'Microsoft.Bcl.AsyncInterfaces, Culture=neutral, PublicKeyToken=null'. The system cannot find the file specified.
File name: 'Microsoft.Bcl.AsyncInterfaces, Culture=neutral, PublicKeyToken=null'
   at System.Reflection.RuntimeAssembly.InternalLoad(AssemblyName assemblyName, StackCrawlMark& stackMark, AssemblyLoadContext assemblyLoadContext, RuntimeAssembly requestingAssembly, Boolean throwOnFileNotFound)
   at System.Reflection.Assembly.Load(AssemblyName assemblyRef)
   at Microsoft.VisualStudio.TestPlatform.Common.ExtensionFramework.TestPluginCache.CurrentDomainAssemblyResolve(Object sender, AssemblyResolveEventArgs args)
   at System.Runtime.Loader.AssemblyLoadContext.GetFirstResolvedAssemblyFromResolvingEvent(AssemblyName assemblyName)
   at System.Runtime.Loader.AssemblyLoadContext.ResolveUsingEvent(AssemblyName assemblyName)
   at System.Runtime.Loader.AssemblyLoadContext.ResolveUsingResolvingEvent(IntPtr gchManagedAssemblyLoadContext, AssemblyName assemblyName)
TpTrace Information: 0 : 38856, 1, 2023/09/10, 11:37:46.736, 17084852964786, vstest.console.dll, AssemblyResolver.OnResolve: Microsoft.TestPlatform.Extensions.BlameDataCollector: Resolving assembly.
TpTrace Information: 0 : 38856, 1, 2023/09/10, 11:37:46.736, 17084852965096, vstest.console.dll, AssemblyResolver.OnResolve: Microsoft.TestPlatform.Extensions.BlameDataCollector: Searching in: 'C:\Program Files\dotnet\sdk\7.0.306\Extensions'.
TpTrace Information: 0 : 38856, 1, 2023/09/10, 11:37:46.737, 17084852967369, vstest.console.dll, AssemblyResolver.OnResolve: Microsoft.TestPlatform.Extensions.BlameDataCollector: Loading assembly 'C:\Program Files\dotnet\sdk\7.0.306\Extensions\Microsoft.TestPlatform.Extensions.BlameDataCollector.dll'.
TpTrace Information: 0 : 38856, 1, 2023/09/10, 11:37:46.737, 17084852970406, vstest.console.dll, AssemblyResolver.OnResolve: Resolved assembly: Microsoft.TestPlatform.Extensions.BlameDataCollector, from path: C:\Program Files\dotnet\sdk\7.0.306\Extensions\Microsoft.TestPlatform.Extensions.BlameDataCollector.dll
TpTrace Verbose: 0 : 38856, 1, 2023/09/10, 11:37:46.737, 17084852970925, vstest.console.dll, MetadataReaderExtensionsHelper: Discovering extensions inside assembly 'Microsoft.TestPlatform.Extensions.BlameDataCollector, Version=15.0.0.0, Culture=neutral, PublicKeyToken=b03f5f7f11d50a3a' file path 'C:\Program Files\dotnet\sdk\7.0.306\Extensions\Microsoft.TestPlatform.Extensions.BlameDataCollector.dll'
TpTrace Information: 0 : 38856, 1, 2023/09/10, 11:37:46.738, 17084852979527, vstest.console.dll, AssemblyResolver.OnResolve: Microsoft.TestPlatform.Extensions.EventLogCollector: Resolving assembly.
TpTrace Information: 0 : 38856, 1, 2023/09/10, 11:37:46.738, 17084852979918, vstest.console.dll, AssemblyResolver.OnResolve: Microsoft.TestPlatform.Extensions.EventLogCollector: Searching in: 'C:\Program Files\dotnet\sdk\7.0.306\Extensions'.
TpTrace Information: 0 : 38856, 1, 2023/09/10, 11:37:46.738, 17084852981502, vstest.console.dll, AssemblyResolver.OnResolve: Microsoft.TestPlatform.Extensions.EventLogCollector: Loading assembly 'C:\Program Files\dotnet\sdk\7.0.306\Extensions\Microsoft.TestPlatform.Extensions.EventLogCollector.dll'.
TpTrace Information: 0 : 38856, 1, 2023/09/10, 11:37:46.738, 17084852984023, vstest.console.dll, AssemblyResolver.OnResolve: Resolved assembly: Microsoft.TestPlatform.Extensions.EventLogCollector, from path: C:\Program Files\dotnet\sdk\7.0.306\Extensions\Microsoft.TestPlatform.Extensions.EventLogCollector.dll
TpTrace Verbose: 0 : 38856, 1, 2023/09/10, 11:37:46.738, 17084852984516, vstest.console.dll, MetadataReaderExtensionsHelper: Discovering extensions inside assembly 'Microsoft.TestPlatform.Extensions.EventLogCollector, Version=15.0.0.0, Culture=neutral, PublicKeyToken=b03f5f7f11d50a3a' file path 'C:\Program Files\dotnet\sdk\7.0.306\Extensions\Microsoft.TestPlatform.Extensions.EventLogCollector.dll'
TpTrace Information: 0 : 38856, 1, 2023/09/10, 11:37:46.739, 17084852995541, vstest.console.dll, AssemblyResolver.OnResolve: Microsoft.TestPlatform.TestHostRuntimeProvider: Resolving assembly.
TpTrace Information: 0 : 38856, 1, 2023/09/10, 11:37:46.739, 17084852995908, vstest.console.dll, AssemblyResolver.OnResolve: Microsoft.TestPlatform.TestHostRuntimeProvider: Searching in: 'C:\Program Files\dotnet\sdk\7.0.306\Extensions'.
TpTrace Information: 0 : 38856, 1, 2023/09/10, 11:37:46.740, 17084852997644, vstest.console.dll, AssemblyResolver.OnResolve: Microsoft.TestPlatform.TestHostRuntimeProvider: Loading assembly 'C:\Program Files\dotnet\sdk\7.0.306\Extensions\Microsoft.TestPlatform.TestHostRuntimeProvider.dll'.
TpTrace Information: 0 : 38856, 1, 2023/09/10, 11:37:46.740, 17084853000266, vstest.console.dll, AssemblyResolver.OnResolve: Resolved assembly: Microsoft.TestPlatform.TestHostRuntimeProvider, from path: C:\Program Files\dotnet\sdk\7.0.306\Extensions\Microsoft.TestPlatform.TestHostRuntimeProvider.dll
TpTrace Verbose: 0 : 38856, 1, 2023/09/10, 11:37:46.740, 17084853000689, vstest.console.dll, MetadataReaderExtensionsHelper: Discovering extensions inside assembly 'Microsoft.TestPlatform.TestHostRuntimeProvider, Version=15.0.0.0, Culture=neutral, PublicKeyToken=b03f5f7f11d50a3a' file path 'C:\Program Files\dotnet\sdk\7.0.306\Extensions\Microsoft.TestPlatform.TestHostRuntimeProvider.dll'
TpTrace Information: 0 : 38856, 1, 2023/09/10, 11:37:46.741, 17084853011426, vstest.console.dll, GetTestExtensionFromType: Register extension with identifier data 'HostProvider://DefaultTestHost' and type 'Microsoft.VisualStudio.TestPlatform.CrossPlatEngine.Hosting.DefaultTestHostManager, Microsoft.TestPlatform.TestHostRuntimeProvider, Version=15.0.0.0, Culture=neutral, PublicKeyToken=b03f5f7f11d50a3a' inside file 'C:\Program Files\dotnet\sdk\7.0.306\Extensions\Microsoft.TestPlatform.TestHostRuntimeProvider.dll'
TpTrace Information: 0 : 38856, 1, 2023/09/10, 11:37:46.741, 17084853013065, vstest.console.dll, GetTestExtensionFromType: Register extension with identifier data 'HostProvider://DotnetTestHost' and type 'Microsoft.VisualStudio.TestPlatform.CrossPlatEngine.Hosting.DotnetTestHostManager, Microsoft.TestPlatform.TestHostRuntimeProvider, Version=15.0.0.0, Culture=neutral, PublicKeyToken=b03f5f7f11d50a3a' inside file 'C:\Program Files\dotnet\sdk\7.0.306\Extensions\Microsoft.TestPlatform.TestHostRuntimeProvider.dll'
TpTrace Information: 0 : 38856, 1, 2023/09/10, 11:37:46.741, 17084853013544, vstest.console.dll, AssemblyResolver.OnResolve: Microsoft.VisualStudio.TestPlatform.Extensions.Html.TestLogger: Resolving assembly.
TpTrace Information: 0 : 38856, 1, 2023/09/10, 11:37:46.741, 17084853013759, vstest.console.dll, AssemblyResolver.OnResolve: Microsoft.VisualStudio.TestPlatform.Extensions.Html.TestLogger: Searching in: 'C:\Program Files\dotnet\sdk\7.0.306\Extensions'.
TpTrace Information: 0 : 38856, 1, 2023/09/10, 11:37:46.741, 17084853015366, vstest.console.dll, AssemblyResolver.OnResolve: Microsoft.VisualStudio.TestPlatform.Extensions.Html.TestLogger: Loading assembly 'C:\Program Files\dotnet\sdk\7.0.306\Extensions\Microsoft.VisualStudio.TestPlatform.Extensions.Html.TestLogger.dll'.
TpTrace Information: 0 : 38856, 1, 2023/09/10, 11:37:46.742, 17084853017958, vstest.console.dll, AssemblyResolver.OnResolve: Resolved assembly: Microsoft.VisualStudio.TestPlatform.Extensions.Html.TestLogger, from path: C:\Program Files\dotnet\sdk\7.0.306\Extensions\Microsoft.VisualStudio.TestPlatform.Extensions.Html.TestLogger.dll
TpTrace Verbose: 0 : 38856, 1, 2023/09/10, 11:37:46.742, 17084853018404, vstest.console.dll, MetadataReaderExtensionsHelper: Discovering extensions inside assembly 'Microsoft.VisualStudio.TestPlatform.Extensions.Html.TestLogger, Version=15.0.0.0, Culture=neutral, PublicKeyToken=b03f5f7f11d50a3a' file path 'C:\Program Files\dotnet\sdk\7.0.306\Extensions\Microsoft.VisualStudio.TestPlatform.Extensions.Html.TestLogger.dll'
TpTrace Information: 0 : 38856, 1, 2023/09/10, 11:37:46.742, 17084853022476, vstest.console.dll, AssemblyResolver.OnResolve: Microsoft.VisualStudio.TestPlatform.Extensions.Trx.TestLogger: Resolving assembly.
TpTrace Information: 0 : 38856, 1, 2023/09/10, 11:37:46.742, 17084853022830, vstest.console.dll, AssemblyResolver.OnResolve: Microsoft.VisualStudio.TestPlatform.Extensions.Trx.TestLogger: Searching in: 'C:\Program Files\dotnet\sdk\7.0.306\Extensions'.
TpTrace Information: 0 : 38856, 1, 2023/09/10, 11:37:46.742, 17084853024389, vstest.console.dll, AssemblyResolver.OnResolve: Microsoft.VisualStudio.TestPlatform.Extensions.Trx.TestLogger: Loading assembly 'C:\Program Files\dotnet\sdk\7.0.306\Extensions\Microsoft.VisualStudio.TestPlatform.Extensions.Trx.TestLogger.dll'.
TpTrace Information: 0 : 38856, 1, 2023/09/10, 11:37:46.743, 17084853027148, vstest.console.dll, AssemblyResolver.OnResolve: Resolved assembly: Microsoft.VisualStudio.TestPlatform.Extensions.Trx.TestLogger, from path: C:\Program Files\dotnet\sdk\7.0.306\Extensions\Microsoft.VisualStudio.TestPlatform.Extensions.Trx.TestLogger.dll
TpTrace Verbose: 0 : 38856, 1, 2023/09/10, 11:37:46.743, 17084853027742, vstest.console.dll, MetadataReaderExtensionsHelper: Discovering extensions inside assembly 'Microsoft.VisualStudio.TestPlatform.Extensions.Trx.TestLogger, Version=15.0.0.0, Culture=neutral, PublicKeyToken=b03f5f7f11d50a3a' file path 'C:\Program Files\dotnet\sdk\7.0.306\Extensions\Microsoft.VisualStudio.TestPlatform.Extensions.Trx.TestLogger.dll'
TpTrace Verbose: 0 : 38856, 1, 2023/09/10, 11:37:46.743, 17084853034077, vstest.console.dll, TestPluginCache: Discovered the extensions using extension path ''.
TpTrace Verbose: 0 : 38856, 1, 2023/09/10, 11:37:46.743, 17084853034498, vstest.console.dll, TestPluginCache: Discoverers are ''.
TpTrace Verbose: 0 : 38856, 1, 2023/09/10, 11:37:46.743, 17084853034662, vstest.console.dll, TestPluginCache: Executors are ''.
TpTrace Verbose: 0 : 38856, 1, 2023/09/10, 11:37:46.743, 17084853034795, vstest.console.dll, TestPluginCache: Executors2 are ''.
TpTrace Verbose: 0 : 38856, 1, 2023/09/10, 11:37:46.743, 17084853034920, vstest.console.dll, TestPluginCache: Setting providers are ''.
TpTrace Verbose: 0 : 38856, 1, 2023/09/10, 11:37:46.743, 17084853035044, vstest.console.dll, TestPluginCache: Loggers are ''.
TpTrace Verbose: 0 : 38856, 1, 2023/09/10, 11:37:46.743, 17084853035548, vstest.console.dll, TestPluginCache: TestHosts are 'HostProvider://DefaultTestHost,HostProvider://DotnetTestHost'.
TpTrace Verbose: 0 : 38856, 1, 2023/09/10, 11:37:46.743, 17084853035767, vstest.console.dll, TestPluginCache: DataCollectors are ''.
TpTrace Information: 0 : 38856, 1, 2023/09/10, 11:37:46.749, 17084853096575, vstest.console.dll, RunTestsArgumentProcessor:Execute: Test run is starting.
TpTrace Verbose: 0 : 38856, 1, 2023/09/10, 11:37:46.749, 17084853096958, vstest.console.dll, RunTestsArgumentProcessor:Execute: Queuing Test run.
TpTrace Information: 0 : 38856, 1, 2023/09/10, 11:37:46.750, 17084853098489, vstest.console.dll, TestRequestManager.RunTests: run tests started.
TpTrace Information: 0 : 38856, 1, 2023/09/10, 11:37:46.760, 17084853202351, vstest.console.dll, AssemblyMetadataProvider.GetFrameworkName: Determined framework:'.NETCoreApp,Version=v7.0' for source: 'E:\Github\Examinations-System\ExaminationsSystem.Application.Test\bin\Debug\net7.0\fine-code-coverage\build-output\ExaminationsSystem.Application.Test.dll'
TpTrace Information: 0 : 38856, 1, 2023/09/10, 11:37:46.760, 17084853204509, vstest.console.dll, Determined framework for all sources: .NETCoreApp,Version=v7.0
TpTrace Verbose: 0 : 38856, 1, 2023/09/10, 11:37:46.761, 17084853208333, vstest.console.dll, TestRequestManager.UpdateRunSettingsIfRequired: Default architecture: X64 IsDefaultTargetArchitecture: True, Current process architecture: X64 OperatingSystem: Windows.
TpTrace Information: 0 : 38856, 1, 2023/09/10, 11:37:46.762, 17084853221150, vstest.console.dll, AssemblyMetadataProvider.GetArchitecture: Determined architecture:AnyCPU info for assembly: E:\Github\Examinations-System\ExaminationsSystem.Application.Test\bin\Debug\net7.0\fine-code-coverage\build-output\ExaminationsSystem.Application.Test.dll
TpTrace Information: 0 : 38856, 1, 2023/09/10, 11:37:46.762, 17084853221513, vstest.console.dll, Determined platform for source 'E:\Github\Examinations-System\ExaminationsSystem.Application.Test\bin\Debug\net7.0\fine-code-coverage\build-output\ExaminationsSystem.Application.Test.dll' was AnyCPU and it will use the default plaform X64.
TpTrace Information: 0 : 38856, 1, 2023/09/10, 11:37:46.762, 17084853221699, vstest.console.dll, None of the sources provided any runnable platform, using the default platform: X64
TpTrace Information: 0 : 38856, 1, 2023/09/10, 11:37:46.762, 17084853222383, vstest.console.dll, Platform was updated to 'X64'.
TpTrace Information: 0 : 38856, 1, 2023/09/10, 11:37:46.764, 17084853244325, vstest.console.dll, InferRunSettingsHelper.IsTestSettingsEnabled: Unable to navigate to RunSettings/MSTest. Current node: RunSettings
TpTrace Information: 0 : 38856, 1, 2023/09/10, 11:37:46.765, 17084853248671, vstest.console.dll, AssemblyResolver.OnResolve: Microsoft.VisualStudio.TestPlatform.Fakes: Resolving assembly.
TpTrace Information: 0 : 38856, 1, 2023/09/10, 11:37:46.765, 17084853249060, vstest.console.dll, AssemblyResolver.OnResolve: Microsoft.VisualStudio.TestPlatform.Fakes: Searching in: 'C:\Program Files\dotnet\sdk\7.0.306\Extensions'.
TpTrace Information: 0 : 38856, 1, 2023/09/10, 11:37:46.765, 17084853249836, vstest.console.dll, AssemblyResolver.OnResolve: Microsoft.VisualStudio.TestPlatform.Fakes: Assembly path does not exist: 'C:\Program Files\dotnet\sdk\7.0.306\Extensions\Microsoft.VisualStudio.TestPlatform.Fakes.dll', returning.
TpTrace Information: 0 : 38856, 1, 2023/09/10, 11:37:46.765, 17084853250378, vstest.console.dll, AssemblyResolver.OnResolve: Microsoft.VisualStudio.TestPlatform.Fakes: Assembly path does not exist: 'C:\Program Files\dotnet\sdk\7.0.306\Extensions\Microsoft.VisualStudio.TestPlatform.Fakes.exe', returning.
TpTrace Information: 0 : 38856, 1, 2023/09/10, 11:37:46.765, 17084853250660, vstest.console.dll, AssemblyResolver.OnResolve: Microsoft.VisualStudio.TestPlatform.Fakes: Searching in: 'C:\Program Files\dotnet\sdk\7.0.306'.
TpTrace Information: 0 : 38856, 1, 2023/09/10, 11:37:46.765, 17084853251101, vstest.console.dll, AssemblyResolver.OnResolve: Microsoft.VisualStudio.TestPlatform.Fakes: Assembly path does not exist: 'C:\Program Files\dotnet\sdk\7.0.306\Microsoft.VisualStudio.TestPlatform.Fakes.dll', returning.
TpTrace Information: 0 : 38856, 1, 2023/09/10, 11:37:46.765, 17084853251505, vstest.console.dll, AssemblyResolver.OnResolve: Microsoft.VisualStudio.TestPlatform.Fakes: Assembly path does not exist: 'C:\Program Files\dotnet\sdk\7.0.306\Microsoft.VisualStudio.TestPlatform.Fakes.exe', returning.
TpTrace Information: 0 : 38856, 1, 2023/09/10, 11:37:46.765, 17084853251690, vstest.console.dll, AssemblyResolver.OnResolve: Microsoft.VisualStudio.TestPlatform.Fakes: Failed to load assembly.
TpTrace Information: 0 : 38856, 1, 2023/09/10, 11:37:46.765, 17084853253443, vstest.console.dll, Failed to load assembly Microsoft.VisualStudio.TestPlatform.Fakes, Version=17.0.0.0, Culture=neutral. Reason:System.IO.FileNotFoundException: Could not load file or assembly 'Microsoft.VisualStudio.TestPlatform.Fakes, Version=17.0.0.0, Culture=neutral, PublicKeyToken=null'. The system cannot find the file specified.
File name: 'Microsoft.VisualStudio.TestPlatform.Fakes, Version=17.0.0.0, Culture=neutral, PublicKeyToken=null'
   at System.Reflection.RuntimeAssembly.InternalLoad(AssemblyName assemblyName, StackCrawlMark& stackMark, AssemblyLoadContext assemblyLoadContext, RuntimeAssembly requestingAssembly, Boolean throwOnFileNotFound)
   at System.Reflection.Assembly.Load(AssemblyName assemblyRef)
   at Microsoft.VisualStudio.TestPlatform.Common.Utilities.FakesUtilities.LoadTestPlatformAssembly()
TpTrace Verbose: 0 : 38856, 1, 2023/09/10, 11:37:46.767, 17084853275487, vstest.console.dll, TestPluginCache.DiscoverTestExtensions: finding test extensions in assemblies ends with: TestLogger.dll TPluginInfo: Microsoft.VisualStudio.TestPlatform.Common.ExtensionFramework.Utilities.TestLoggerPluginInformation TExtension: Microsoft.VisualStudio.TestPlatform.ObjectModel.Client.ITestLogger
TpTrace Verbose: 0 : 38856, 1, 2023/09/10, 11:37:46.767, 17084853276024, vstest.console.dll, TestPluginCache.GetExtensionPaths: Filtered extension paths: 
TpTrace Verbose: 0 : 38856, 1, 2023/09/10, 11:37:46.767, 17084853276256, vstest.console.dll, TestPluginCache.GetExtensionPaths: Added default extension paths: C:\Program Files\dotnet\sdk\7.0.306\Extensions\Microsoft.Diagnostics.NETCore.Client.dll
C:\Program Files\dotnet\sdk\7.0.306\Extensions\Microsoft.TestPlatform.Extensions.BlameDataCollector.dll
C:\Program Files\dotnet\sdk\7.0.306\Extensions\Microsoft.TestPlatform.Extensions.EventLogCollector.dll
C:\Program Files\dotnet\sdk\7.0.306\Extensions\Microsoft.TestPlatform.TestHostRuntimeProvider.dll
C:\Program Files\dotnet\sdk\7.0.306\Extensions\Microsoft.VisualStudio.TestPlatform.Extensions.Html.TestLogger.dll
C:\Program Files\dotnet\sdk\7.0.306\Extensions\Microsoft.VisualStudio.TestPlatform.Extensions.Trx.TestLogger.dll
TpTrace Verbose: 0 : 38856, 1, 2023/09/10, 11:37:46.767, 17084853276484, vstest.console.dll, TestPluginCache.GetExtensionPaths: Added unfilterableExtensionPaths: 
TpTrace Information: 0 : 38856, 1, 2023/09/10, 11:37:46.768, 17084853277319, vstest.console.dll, AssemblyResolver.AddSearchDirectories: Adding more searchDirectories C:\Program Files\dotnet\sdk\7.0.306\Extensions,C:\Program Files\dotnet\sdk\7.0.306
TpTrace Verbose: 0 : 38856, 1, 2023/09/10, 11:37:46.768, 17084853277641, vstest.console.dll, TestPluginCache.DiscoverTestExtensions: Discovering the extensions using extension path.
TpTrace Verbose: 0 : 38856, 1, 2023/09/10, 11:37:46.768, 17084853277881, vstest.console.dll, TestPluginCache.GetExtensionPaths: Filtered extension paths: 
TpTrace Verbose: 0 : 38856, 1, 2023/09/10, 11:37:46.768, 17084853278042, vstest.console.dll, TestPluginCache.GetExtensionPaths: Added default extension paths: C:\Program Files\dotnet\sdk\7.0.306\Extensions\Microsoft.Diagnostics.NETCore.Client.dll
C:\Program Files\dotnet\sdk\7.0.306\Extensions\Microsoft.TestPlatform.Extensions.BlameDataCollector.dll
C:\Program Files\dotnet\sdk\7.0.306\Extensions\Microsoft.TestPlatform.Extensions.EventLogCollector.dll
C:\Program Files\dotnet\sdk\7.0.306\Extensions\Microsoft.TestPlatform.TestHostRuntimeProvider.dll
C:\Program Files\dotnet\sdk\7.0.306\Extensions\Microsoft.VisualStudio.TestPlatform.Extensions.Html.TestLogger.dll
C:\Program Files\dotnet\sdk\7.0.306\Extensions\Microsoft.VisualStudio.TestPlatform.Extensions.Trx.TestLogger.dll
TpTrace Verbose: 0 : 38856, 1, 2023/09/10, 11:37:46.768, 17084853278210, vstest.console.dll, TestPluginCache.GetExtensionPaths: Added unfilterableExtensionPaths: 
TpTrace Verbose: 0 : 38856, 1, 2023/09/10, 11:37:46.768, 17084853278370, vstest.console.dll, TestPluginCache.DiscoverTestExtensions: Discovering the extensions using allExtensionPaths: C:\Program Files\dotnet\sdk\7.0.306\Extensions\Microsoft.Diagnostics.NETCore.Client.dll
C:\Program Files\dotnet\sdk\7.0.306\Extensions\Microsoft.TestPlatform.Extensions.BlameDataCollector.dll
C:\Program Files\dotnet\sdk\7.0.306\Extensions\Microsoft.TestPlatform.Extensions.EventLogCollector.dll
C:\Program Files\dotnet\sdk\7.0.306\Extensions\Microsoft.TestPlatform.TestHostRuntimeProvider.dll
C:\Program Files\dotnet\sdk\7.0.306\Extensions\Microsoft.VisualStudio.TestPlatform.Extensions.Html.TestLogger.dll
C:\Program Files\dotnet\sdk\7.0.306\Extensions\Microsoft.VisualStudio.TestPlatform.Extensions.Trx.TestLogger.dll
TpTrace Information: 0 : 38856, 1, 2023/09/10, 11:37:46.768, 17084853279148, vstest.console.dll, AssemblyResolver.AddSearchDirectories: Adding more searchDirectories C:\Program Files\dotnet\sdk\7.0.306\Extensions,C:\Program Files\dotnet\sdk\7.0.306
TpTrace Information: 0 : 38856, 1, 2023/09/10, 11:37:46.768, 17084853279422, vstest.console.dll, AssemblyResolver.AddSearchDirectories: Adding more searchDirectories C:\Program Files\dotnet\sdk\7.0.306\Extensions,C:\Program Files\dotnet\sdk\7.0.306
TpTrace Information: 0 : 38856, 1, 2023/09/10, 11:37:46.768, 17084853279603, vstest.console.dll, AssemblyResolver.AddSearchDirectories: Adding more searchDirectories C:\Program Files\dotnet\sdk\7.0.306\Extensions,C:\Program Files\dotnet\sdk\7.0.306
TpTrace Information: 0 : 38856, 1, 2023/09/10, 11:37:46.768, 17084853279794, vstest.console.dll, AssemblyResolver.AddSearchDirectories: Adding more searchDirectories C:\Program Files\dotnet\sdk\7.0.306\Extensions,C:\Program Files\dotnet\sdk\7.0.306
TpTrace Information: 0 : 38856, 1, 2023/09/10, 11:37:46.768, 17084853279960, vstest.console.dll, AssemblyResolver.AddSearchDirectories: Adding more searchDirectories C:\Program Files\dotnet\sdk\7.0.306\Extensions,C:\Program Files\dotnet\sdk\7.0.306
TpTrace Information: 0 : 38856, 1, 2023/09/10, 11:37:46.768, 17084853280117, vstest.console.dll, AssemblyResolver.AddSearchDirectories: Adding more searchDirectories C:\Program Files\dotnet\sdk\7.0.306\Extensions,C:\Program Files\dotnet\sdk\7.0.306
TpTrace Verbose: 0 : 38856, 1, 2023/09/10, 11:37:46.768, 17084853280727, vstest.console.dll, MetadataReaderExtensionsHelper: Discovering extensions inside assembly 'Microsoft.Diagnostics.NETCore.Client, Version=0.2.6.42401, Culture=neutral, PublicKeyToken=31bf3856ad364e35' file path 'C:\Program Files\dotnet\sdk\7.0.306\Extensions\Microsoft.Diagnostics.NETCore.Client.dll'
TpTrace Information: 0 : 38856, 1, 2023/09/10, 11:37:46.768, 17084853284951, vstest.console.dll, AssemblyResolver.OnResolve: Microsoft.Bcl.AsyncInterfaces: Resolving assembly.
TpTrace Information: 0 : 38856, 1, 2023/09/10, 11:37:46.768, 17084853285289, vstest.console.dll, AssemblyResolver.OnResolve: Microsoft.Bcl.AsyncInterfaces: Resolved from cache.
TpTrace Verbose: 0 : 38856, 1, 2023/09/10, 11:37:46.768, 17084853285460, vstest.console.dll, CurrentDomainAssemblyResolve: Resolving assembly 'Microsoft.Bcl.AsyncInterfaces'.
TpTrace Information: 0 : 38856, 1, 2023/09/10, 11:37:46.768, 17084853285707, vstest.console.dll, AssemblyResolver.OnResolve: Microsoft.Bcl.AsyncInterfaces: Resolving assembly.
TpTrace Information: 0 : 38856, 1, 2023/09/10, 11:37:46.768, 17084853285920, vstest.console.dll, AssemblyResolver.OnResolve: Microsoft.Bcl.AsyncInterfaces: Resolved from cache.
TpTrace Verbose: 0 : 38856, 1, 2023/09/10, 11:37:46.768, 17084853286059, vstest.console.dll, CurrentDomainAssemblyResolve: Resolving assembly 'Microsoft.Bcl.AsyncInterfaces'.
TpTrace Verbose: 0 : 38856, 1, 2023/09/10, 11:37:46.768, 17084853286195, vstest.console.dll, CurrentDomainAssemblyResolve: Failed to resolve assembly 'Microsoft.Bcl.AsyncInterfaces'.
TpTrace Verbose: 0 : 38856, 1, 2023/09/10, 11:37:46.769, 17084853287112, vstest.console.dll, CurrentDomainAssemblyResolve: Failed to resolve assembly 'Microsoft.Bcl.AsyncInterfaces'.
TpTrace Warning: 0 : 38856, 1, 2023/09/10, 11:37:46.769, 17084853289223, vstest.console.dll, TestPluginDiscoverer: Failed to get types from assembly 'Microsoft.Diagnostics.NETCore.Client, Version=0.2.6.42401, Culture=neutral, PublicKeyToken=31bf3856ad364e35'. Error: System.Reflection.ReflectionTypeLoadException: Unable to load one or more of the requested types.
Could not load file or assembly 'Microsoft.Bcl.AsyncInterfaces, Version=1.0.0.0, Culture=neutral, PublicKeyToken=cc7b13ffcd2ddd51'. The system cannot find the file specified.
   at System.Reflection.RuntimeModule.GetTypes(RuntimeModule module)
   at System.Reflection.Assembly.GetTypes()
   at Microsoft.VisualStudio.TestPlatform.Common.ExtensionFramework.TestPluginDiscoverer.GetTestExtensionsFromAssembly[TPluginInfo,TExtension](Assembly assembly, Dictionary`2 pluginInfos, String filePath)
System.IO.FileNotFoundException: Could not load file or assembly 'Microsoft.Bcl.AsyncInterfaces, Version=1.0.0.0, Culture=neutral, PublicKeyToken=cc7b13ffcd2ddd51'. The system cannot find the file specified.
File name: 'Microsoft.Bcl.AsyncInterfaces, Version=1.0.0.0, Culture=neutral, PublicKeyToken=cc7b13ffcd2ddd51'
 ---> System.IO.FileNotFoundException: Could not load file or assembly 'Microsoft.Bcl.AsyncInterfaces, Culture=neutral, PublicKeyToken=null'. The system cannot find the file specified.
File name: 'Microsoft.Bcl.AsyncInterfaces, Culture=neutral, PublicKeyToken=null'
   at System.Reflection.RuntimeAssembly.InternalLoad(AssemblyName assemblyName, StackCrawlMark& stackMark, AssemblyLoadContext assemblyLoadContext, RuntimeAssembly requestingAssembly, Boolean throwOnFileNotFound)
   at System.Reflection.Assembly.Load(AssemblyName assemblyRef)
   at Microsoft.VisualStudio.TestPlatform.Common.ExtensionFramework.TestPluginCache.CurrentDomainAssemblyResolve(Object sender, AssemblyResolveEventArgs args)
   at System.Runtime.Loader.AssemblyLoadContext.GetFirstResolvedAssemblyFromResolvingEvent(AssemblyName assemblyName)
   at System.Runtime.Loader.AssemblyLoadContext.ResolveUsingEvent(AssemblyName assemblyName)
   at System.Runtime.Loader.AssemblyLoadContext.ResolveUsingResolvingEvent(IntPtr gchManagedAssemblyLoadContext, AssemblyName assemblyName)
TpTrace Warning: 0 : 38856, 1, 2023/09/10, 11:37:46.769, 17084853290213, vstest.console.dll, LoaderExceptions: System.IO.FileNotFoundException: Could not load file or assembly 'Microsoft.Bcl.AsyncInterfaces, Version=1.0.0.0, Culture=neutral, PublicKeyToken=cc7b13ffcd2ddd51'. The system cannot find the file specified.
File name: 'Microsoft.Bcl.AsyncInterfaces, Version=1.0.0.0, Culture=neutral, PublicKeyToken=cc7b13ffcd2ddd51'
 ---> System.IO.FileNotFoundException: Could not load file or assembly 'Microsoft.Bcl.AsyncInterfaces, Culture=neutral, PublicKeyToken=null'. The system cannot find the file specified.
File name: 'Microsoft.Bcl.AsyncInterfaces, Culture=neutral, PublicKeyToken=null'
   at System.Reflection.RuntimeAssembly.InternalLoad(AssemblyName assemblyName, StackCrawlMark& stackMark, AssemblyLoadContext assemblyLoadContext, RuntimeAssembly requestingAssembly, Boolean throwOnFileNotFound)
   at System.Reflection.Assembly.Load(AssemblyName assemblyRef)
   at Microsoft.VisualStudio.TestPlatform.Common.ExtensionFramework.TestPluginCache.CurrentDomainAssemblyResolve(Object sender, AssemblyResolveEventArgs args)
   at System.Runtime.Loader.AssemblyLoadContext.GetFirstResolvedAssemblyFromResolvingEvent(AssemblyName assemblyName)
   at System.Runtime.Loader.AssemblyLoadContext.ResolveUsingEvent(AssemblyName assemblyName)
   at System.Runtime.Loader.AssemblyLoadContext.ResolveUsingResolvingEvent(IntPtr gchManagedAssemblyLoadContext, AssemblyName assemblyName)
TpTrace Verbose: 0 : 38856, 1, 2023/09/10, 11:37:46.769, 17084853290710, vstest.console.dll, MetadataReaderExtensionsHelper: Discovering extensions inside assembly 'Microsoft.TestPlatform.Extensions.BlameDataCollector, Version=15.0.0.0, Culture=neutral, PublicKeyToken=b03f5f7f11d50a3a' file path 'C:\Program Files\dotnet\sdk\7.0.306\Extensions\Microsoft.TestPlatform.Extensions.BlameDataCollector.dll'
TpTrace Information: 0 : 38856, 1, 2023/09/10, 11:37:46.769, 17084853293333, vstest.console.dll, GetTestExtensionFromType: Register extension with identifier data 'logger://Microsoft/TestPlatform/Extensions/Blame/v1' and type 'Microsoft.TestPlatform.Extensions.BlameDataCollector.BlameLogger, Microsoft.TestPlatform.Extensions.BlameDataCollector, Version=15.0.0.0, Culture=neutral, PublicKeyToken=b03f5f7f11d50a3a' inside file 'C:\Program Files\dotnet\sdk\7.0.306\Extensions\Microsoft.TestPlatform.Extensions.BlameDataCollector.dll'
TpTrace Verbose: 0 : 38856, 1, 2023/09/10, 11:37:46.769, 17084853293772, vstest.console.dll, MetadataReaderExtensionsHelper: Discovering extensions inside assembly 'Microsoft.TestPlatform.Extensions.EventLogCollector, Version=15.0.0.0, Culture=neutral, PublicKeyToken=b03f5f7f11d50a3a' file path 'C:\Program Files\dotnet\sdk\7.0.306\Extensions\Microsoft.TestPlatform.Extensions.EventLogCollector.dll'
TpTrace Verbose: 0 : 38856, 1, 2023/09/10, 11:37:46.769, 17084853295526, vstest.console.dll, MetadataReaderExtensionsHelper: Discovering extensions inside assembly 'Microsoft.TestPlatform.TestHostRuntimeProvider, Version=15.0.0.0, Culture=neutral, PublicKeyToken=b03f5f7f11d50a3a' file path 'C:\Program Files\dotnet\sdk\7.0.306\Extensions\Microsoft.TestPlatform.TestHostRuntimeProvider.dll'
TpTrace Verbose: 0 : 38856, 1, 2023/09/10, 11:37:46.770, 17084853297381, vstest.console.dll, MetadataReaderExtensionsHelper: Discovering extensions inside assembly 'Microsoft.VisualStudio.TestPlatform.Extensions.Html.TestLogger, Version=15.0.0.0, Culture=neutral, PublicKeyToken=b03f5f7f11d50a3a' file path 'C:\Program Files\dotnet\sdk\7.0.306\Extensions\Microsoft.VisualStudio.TestPlatform.Extensions.Html.TestLogger.dll'
TpTrace Information: 0 : 38856, 1, 2023/09/10, 11:37:46.770, 17084853300827, vstest.console.dll, GetTestExtensionFromType: Register extension with identifier data 'logger://Microsoft/TestPlatform/HtmlLogger/v1' and type 'Microsoft.VisualStudio.TestPlatform.Extensions.HtmlLogger.HtmlLogger, Microsoft.VisualStudio.TestPlatform.Extensions.Html.TestLogger, Version=15.0.0.0, Culture=neutral, PublicKeyToken=b03f5f7f11d50a3a' inside file 'C:\Program Files\dotnet\sdk\7.0.306\Extensions\Microsoft.VisualStudio.TestPlatform.Extensions.Html.TestLogger.dll'
TpTrace Verbose: 0 : 38856, 1, 2023/09/10, 11:37:46.770, 17084853301334, vstest.console.dll, MetadataReaderExtensionsHelper: Discovering extensions inside assembly 'Microsoft.VisualStudio.TestPlatform.Extensions.Trx.TestLogger, Version=15.0.0.0, Culture=neutral, PublicKeyToken=b03f5f7f11d50a3a' file path 'C:\Program Files\dotnet\sdk\7.0.306\Extensions\Microsoft.VisualStudio.TestPlatform.Extensions.Trx.TestLogger.dll'
TpTrace Information: 0 : 38856, 1, 2023/09/10, 11:37:46.770, 17084853303568, vstest.console.dll, GetTestExtensionFromType: Register extension with identifier data 'logger://Microsoft/TestPlatform/TrxLogger/v1' and type 'Microsoft.VisualStudio.TestPlatform.Extensions.TrxLogger.TrxLogger, Microsoft.VisualStudio.TestPlatform.Extensions.Trx.TestLogger, Version=15.0.0.0, Culture=neutral, PublicKeyToken=b03f5f7f11d50a3a' inside file 'C:\Program Files\dotnet\sdk\7.0.306\Extensions\Microsoft.VisualStudio.TestPlatform.Extensions.Trx.TestLogger.dll'
TpTrace Verbose: 0 : 38856, 1, 2023/09/10, 11:37:46.770, 17084853304149, vstest.console.dll, TestPluginCache: Discovered the extensions using extension path ''.
TpTrace Verbose: 0 : 38856, 1, 2023/09/10, 11:37:46.770, 17084853304358, vstest.console.dll, TestPluginCache: Discoverers are ''.
TpTrace Verbose: 0 : 38856, 1, 2023/09/10, 11:37:46.770, 17084853304496, vstest.console.dll, TestPluginCache: Executors are ''.
TpTrace Verbose: 0 : 38856, 1, 2023/09/10, 11:37:46.770, 17084853304625, vstest.console.dll, TestPluginCache: Executors2 are ''.
TpTrace Verbose: 0 : 38856, 1, 2023/09/10, 11:37:46.770, 17084853304749, vstest.console.dll, TestPluginCache: Setting providers are ''.
TpTrace Verbose: 0 : 38856, 1, 2023/09/10, 11:37:46.770, 17084853305117, vstest.console.dll, TestPluginCache: Loggers are 'logger://Microsoft/TestPlatform/Extensions/Blame/v1,logger://Microsoft/TestPlatform/HtmlLogger/v1,logger://Microsoft/TestPlatform/TrxLogger/v1'.
TpTrace Verbose: 0 : 38856, 1, 2023/09/10, 11:37:46.770, 17084853305392, vstest.console.dll, TestPluginCache: TestHosts are 'HostProvider://DefaultTestHost,HostProvider://DotnetTestHost'.
TpTrace Verbose: 0 : 38856, 1, 2023/09/10, 11:37:46.770, 17084853305568, vstest.console.dll, TestPluginCache: DataCollectors are ''.
TpTrace Information: 0 : 38856, 1, 2023/09/10, 11:37:46.771, 17084853311841, vstest.console.dll, TestPluginManager.CreateTestExtension: Attempting to load test extension: Microsoft.TestPlatform.Extensions.BlameDataCollector.BlameLogger
TpTrace Verbose: 0 : 38856, 1, 2023/09/10, 11:37:46.775, 17084853356466, vstest.console.dll, TestEngine: Initializing Parallel Execution as MaxCpuCount is set to: 1
TpTrace Information: 0 : 38856, 1, 2023/09/10, 11:37:46.777, 17084853367769, vstest.console.dll, TestPluginManager.CreateTestExtension: Attempting to load test extension: Microsoft.VisualStudio.TestPlatform.CrossPlatEngine.Hosting.DefaultTestHostManager
TpTrace Information: 0 : 38856, 1, 2023/09/10, 11:37:46.777, 17084853372755, vstest.console.dll, TestPluginManager.CreateTestExtension: Attempting to load test extension: Microsoft.VisualStudio.TestPlatform.CrossPlatEngine.Hosting.DotnetTestHostManager
TpTrace Information: 0 : 38856, 1, 2023/09/10, 11:37:46.777, 17084853377001, vstest.console.dll, InferRunSettingsHelper.IsTestSettingsEnabled: Unable to navigate to RunSettings/MSTest. Current node: RunSettings
TpTrace Verbose: 0 : 38856, 1, 2023/09/10, 11:37:46.780, 17084853404001, vstest.console.dll, TestEngine.GetExecutionManager: Chosen execution manager 'Microsoft.VisualStudio.TestPlatform.CrossPlatEngine.Client.Parallel.ParallelProxyExecutionManager, Microsoft.TestPlatform.CrossPlatEngine, Version=15.0.0.0, Culture=neutral, PublicKeyToken=b03f5f7f11d50a3a' ParallelLevel '1'.
TpTrace Verbose: 0 : 38856, 1, 2023/09/10, 11:37:46.780, 17084853404916, vstest.console.dll, TestRunRequest.ExecuteAsync: Creating test run request.
TpTrace Verbose: 0 : 38856, 1, 2023/09/10, 11:37:46.780, 17084853406629, vstest.console.dll, TestRunRequest.ExecuteAsync: Starting.
TpTrace Information: 0 : 38856, 1, 2023/09/10, 11:37:46.781, 17084853408530, vstest.console.dll, TestRunRequest.ExecuteAsync: Starting run with settings:TestRunCriteria:
   KeepAlive=False,FrequencyOfRunStatsChangeEvent=10,RunStatsChangeEventTimeout=00:00:01.5000000,TestCaseFilter=,TestExecutorLauncher=
   Settingsxml=<RunSettings>
  <RunConfiguration>
    <ResultsDirectory>E:\Github\Examinations-System\ExaminationsSystem.Application.Test\bin\Debug\net7.0\fine-code-coverage\coverage-tool-output</ResultsDirectory>
    <TargetPlatform>X64</TargetPlatform>
    <TargetFrameworkVersion>.NETCoreApp,Version=v7.0</TargetFrameworkVersion>
    <DesignMode>False</DesignMode>
    <CollectSourceInformation>False</CollectSourceInformation>
  </RunConfiguration>
  <LoggerRunSettings>
    <Loggers>
      <Logger friendlyName="blame" enabled="True" />
      <Logger friendlyName="Console" uri="logger://microsoft/TestPlatform/ConsoleLogger/v1" assemblyQualifiedName="Microsoft.VisualStudio.TestPlatform.CommandLine.Internal.ConsoleLogger, vstest.console, Version=15.0.0.0, Culture=neutral, PublicKeyToken=b03f5f7f11d50a3a" codeBase="C:\Program Files\dotnet\sdk\7.0.306\vstest.console.dll" enabled="True" />
    </Loggers>
  </LoggerRunSettings>
  <DataCollectionRunSettings>
    <DataCollectors>
      <DataCollector friendlyName="blame" enabled="True">
        <Configuration>
          <ResultsDirectory>E:\Github\Examinations-System\ExaminationsSystem.Application.Test\bin\Debug\net7.0\fine-code-coverage\coverage-tool-output</ResultsDirectory>
        </Configuration>
      </DataCollector>
    </DataCollectors>
  </DataCollectionRunSettings>
</RunSettings>

TpTrace Verbose: 0 : 38856, 1, 2023/09/10, 11:37:46.781, 17084853408899, vstest.console.dll, TestRunRequest.ExecuteAsync: Wait for the first run request is over.
TpTrace Verbose: 0 : 38856, 1, 2023/09/10, 11:37:46.781, 17084853410764, vstest.console.dll, MulticastDelegateUtilities.SafeInvoke: TestRun.TestRunStart: Invoking callbacks was skipped because there are no subscribers.
TpTrace Verbose: 0 : 38856, 4, 2023/09/10, 11:37:46.781, 17084853412173, vstest.console.dll, MulticastDelegateUtilities.SafeInvoke: InternalTestLoggerEvents.SendTestRunStart: Invoking callback 1/1 for Microsoft.VisualStudio.TestPlatform.CommandLine.Internal.ConsoleLogger., took 0 ms.
TpTrace Verbose: 0 : 38856, 1, 2023/09/10, 11:37:46.782, 17084853418435, vstest.console.dll, ParallelProxyExecutionManager: Start execution. Total sources: 1
TpTrace Verbose: 0 : 38856, 1, 2023/09/10, 11:37:46.783, 17084853430281, vstest.console.dll, TestRequestSender is acting as server.
TpTrace Verbose: 0 : 38856, 1, 2023/09/10, 11:37:46.784, 17084853444687, vstest.console.dll, ParallelOperationManager.RunWorkInParallel: Started work on a host.
TpTrace Verbose: 0 : 38856, 1, 2023/09/10, 11:37:46.785, 17084853450338, vstest.console.dll, ProxyParallelExecutionManager: No sources available for execution.
TpTrace Information: 0 : 38856, 1, 2023/09/10, 11:37:46.785, 17084853450800, vstest.console.dll, TestRunRequest.ExecuteAsync: Started.
TpTrace Verbose: 0 : 38856, 1, 2023/09/10, 11:37:46.785, 17084853451218, vstest.console.dll, TestRunRequest.WaitForCompletion: Waiting with timeout -1.
TpTrace Verbose: 0 : 38856, 5, 2023/09/10, 11:37:46.785, 17084853452834, vstest.console.dll, DataCollectionRequestSender.InitializeCommunication : Initialize communication. 
TpTrace Information: 0 : 38856, 5, 2023/09/10, 11:37:46.788, 17084853481501, vstest.console.dll, Listening on Endpoint : 127.0.0.1:10401
TpTrace Verbose: 0 : 38856, 5, 2023/09/10, 11:37:46.792, 17084853523887, vstest.console.dll, DotnetDataCollectionLauncher: Adding  --runtimeconfig "C:\Program Files\dotnet\sdk\7.0.306\datacollector.runtimeconfig.json" in args
TpTrace Verbose: 0 : 38856, 5, 2023/09/10, 11:37:46.792, 17084853524563, vstest.console.dll, DotnetDataCollectionLauncher: Adding  --depsfile "C:\Program Files\dotnet\sdk\7.0.306\datacollector.deps.json" in args
TpTrace Verbose: 0 : 38856, 5, 2023/09/10, 11:37:46.792, 17084853525570, vstest.console.dll, DotnetDataCollectionLauncher: Full path of dotnet.exe is C:\Program Files\dotnet\dotnet.exe
TpTrace Information: 0 : 38856, 5, 2023/09/10, 11:37:46.798, 17084853580732, vstest.console.dll, ProxyDataCollectionManager.Initialize: Launched datacollector processId: 25100 port: 10401
TpTrace Information: 0 : 38856, 5, 2023/09/10, 11:37:46.798, 17084853581705, vstest.console.dll, ProxyDataCollectionManager.Initialize: waiting for connection with timeout: 90 seconds
TpTrace Verbose: 0 : 38856, 5, 2023/09/10, 11:37:46.798, 17084853582118, vstest.console.dll, DataCollectionRequestSender.WaitForRequestHandlerConnection : Waiting for connection with timeout: 90000
TpTrace Information: 0 : 38856, 7, 2023/09/10, 11:37:46.891, 17084854515815, vstest.console.dll, Using the buffer size of 16384 bytes
TpTrace Verbose: 0 : 38856, 5, 2023/09/10, 11:37:46.891, 17084854515971, vstest.console.dll, SocketCommunicationManager.WaitForClientConnection took: 93 ms, with 90000 ms timeout, and finished with True.
TpTrace Information: 0 : 38856, 7, 2023/09/10, 11:37:46.891, 17084854516600, vstest.console.dll, Accepted Client request and set the flag
TpTrace Verbose: 0 : 38856, 5, 2023/09/10, 11:37:46.892, 17084854517342, vstest.console.dll, ProxyDataCollectionManager.InvokeDataCollectionServiceAction: Starting.
TpTrace Information: 0 : 38856, 5, 2023/09/10, 11:37:46.892, 17084854517769, vstest.console.dll, ProxyDataCollectionManager.BeforeTestRunStart: Get environment variable and port for datacollector processId: 25100 port: 10401
TpTrace Verbose: 0 : 38856, 5, 2023/09/10, 11:37:46.892, 17084854518493, vstest.console.dll, DataCollectionRequestSender.SendBeforeTestRunStartAndGetResult: Send BeforeTestRunStart message with settingsXml <RunSettings><RunConfiguration><ResultsDirectory>E:\Github\Examinations-System\ExaminationsSystem.Application.Test\bin\Debug\net7.0\fine-code-coverage\coverage-tool-output</ResultsDirectory><TargetPlatform>X64</TargetPlatform><TargetFrameworkVersion>.NETCoreApp,Version=v7.0</TargetFrameworkVersion><DesignMode>False</DesignMode><CollectSourceInformation>False</CollectSourceInformation><TestAdaptersPaths>C:\Program Files\dotnet\sdk\7.0.306\Extensions</TestAdaptersPaths></RunConfiguration><LoggerRunSettings><Loggers><Logger friendlyName="blame" enabled="True" /><Logger friendlyName="Console" uri="logger://microsoft/TestPlatform/ConsoleLogger/v1" assemblyQualifiedName="Microsoft.VisualStudio.TestPlatform.CommandLine.Internal.ConsoleLogger, vstest.console, Version=15.0.0.0, Culture=neutral, PublicKeyToken=b03f5f7f11d50a3a" codeBase="C:\Program Files\dotnet\sdk\7.0.306\vstest.console.dll" enabled="True" /></Loggers></LoggerRunSettings><DataCollectionRunSettings><DataCollectors><DataCollector friendlyName="blame" enabled="True"><Configuration><ResultsDirectory>E:\Github\Examinations-System\ExaminationsSystem.Application.Test\bin\Debug\net7.0\fine-code-coverage\coverage-tool-output</ResultsDirectory></Configuration></DataCollector></DataCollectors></DataCollectionRunSettings></RunSettings> and sources System.Collections.Generic.List`1[System.String]: 
TpTrace Verbose: 0 : 38856, 5, 2023/09/10, 11:37:46.939, 17084854992126, vstest.console.dll, DataCollectionRequestSender.SendBeforeTestRunStartAndGetResult: Received message: (DataCollection.SendMessage) -> {"MessageType":"DataCollection.SendMessage","Payload":{"FriendlyName":null,"Uri":null,"TestCaseId":"00000000-0000-0000-0000-000000000000","Message":"Logging DataCollector Diagnostics in file: E:\\Github\\Examinations-System\\ExaminationsSystem.Application.Test\\bin\\Debug\\net7.0\\fine-code-coverage\\coverage-tool-output\\diagnostics.datacollector.23-09-10_11-37-46_79253_5.log","Level":0}}
TpTrace Verbose: 0 : 38856, 5, 2023/09/10, 11:37:46.989, 17084855496077, vstest.console.dll, DataCollectionRequestSender.SendBeforeTestRunStartAndGetResult: Received message: (DataCollection.BeforeTestRunStartResult) -> {"MessageType":"DataCollection.BeforeTestRunStartResult","Payload":{"EnvironmentVariables":{},"DataCollectionEventsPort":10403}}
TpTrace Information: 0 : 38856, 5, 2023/09/10, 11:37:46.993, 17084855534081, vstest.console.dll, ProxyDataCollectionManager.BeforeTestRunStart: SendBeforeTestRunStartAndGetResult successful, env variable from datacollector:   and testhost port: 10403
TpTrace Information: 0 : 38856, 5, 2023/09/10, 11:37:46.993, 17084855534948, vstest.console.dll, ProxyDataCollectionManager.InvokeDataCollectionServiceAction: Completed.
TpTrace Verbose: 0 : 38856, 5, 2023/09/10, 11:37:46.993, 17084855535609, vstest.console.dll, ProxyExecutionManager: Test host is always Lazy initialize.
TpTrace Verbose: 0 : 38856, 5, 2023/09/10, 11:37:46.994, 17084855537502, vstest.console.dll, TestRequestSender.InitializeCommunication: initialize communication. 
TpTrace Information: 0 : 38856, 5, 2023/09/10, 11:37:46.994, 17084855541208, vstest.console.dll, SocketServer.Start: Listening on endpoint : 127.0.0.1:10404
TpTrace Verbose: 0 : 38856, 5, 2023/09/10, 11:37:46.995, 17084855547631, vstest.console.dll, DotnetTestHostmanager.GetTestHostProcessStartInfo: Platform environment 'X64' target architecture 'X64' framework '.NETCoreApp,Version=v7.0' OS 'Windows'
TpTrace Verbose: 0 : 38856, 5, 2023/09/10, 11:37:46.995, 17084855548868, vstest.console.dll, DotnetTestHostmanager: Adding  --runtimeconfig "E:\Github\Examinations-System\ExaminationsSystem.Application.Test\bin\Debug\net7.0\fine-code-coverage\build-output\ExaminationsSystem.Application.Test.runtimeconfig.json" in args
TpTrace Verbose: 0 : 38856, 5, 2023/09/10, 11:37:46.995, 17084855549312, vstest.console.dll, DotnetTestHostmanager: Adding  --depsfile "E:\Github\Examinations-System\ExaminationsSystem.Application.Test\bin\Debug\net7.0\fine-code-coverage\build-output\ExaminationsSystem.Application.Test.deps.json" in args
TpTrace Verbose: 0 : 38856, 5, 2023/09/10, 11:37:46.995, 17084855550288, vstest.console.dll, DotnetTestHostmanager.IsWinOnArm: Current PROCESSOR_ARCHITECTURE from environment variable 'AMD64'
TpTrace Verbose: 0 : 38856, 5, 2023/09/10, 11:37:46.995, 17084855550675, vstest.console.dll, DotnetTestHostmanager.IsWinOnArm: Is Windows on ARM 'False'
TpTrace Verbose: 0 : 38856, 5, 2023/09/10, 11:37:46.995, 17084855551043, vstest.console.dll, DotnetTestHostManager: testhost.exe found at path: E:\Github\Examinations-System\ExaminationsSystem.Application.Test\bin\Debug\net7.0\fine-code-coverage\build-output\testhost.exe
TpTrace Verbose: 0 : 38856, 5, 2023/09/10, 11:37:46.995, 17084855551334, vstest.console.dll, DotnetTestHostmanager: Full path of host exe is E:\Github\Examinations-System\ExaminationsSystem.Application.Test\bin\Debug\net7.0\fine-code-coverage\build-output\testhost.exe
TpTrace Verbose: 0 : 38856, 5, 2023/09/10, 11:37:46.995, 17084855552178, vstest.console.dll, DotnetTestHostmanager.LaunchTestHostAsync: Found 'VSTEST_WINAPPHOST_DOTNET_ROOT' in env variables, value 'C:\Program Files\dotnet', forwarding to 'DOTNET_ROOT'
TpTrace Verbose: 0 : 38856, 5, 2023/09/10, 11:37:46.995, 17084855553322, vstest.console.dll, DotnetTestHostManager: Starting process 'E:\Github\Examinations-System\ExaminationsSystem.Application.Test\bin\Debug\net7.0\fine-code-coverage\build-output\testhost.exe' with command line ' --runtimeconfig "E:\Github\Examinations-System\ExaminationsSystem.Application.Test\bin\Debug\net7.0\fine-code-coverage\build-output\ExaminationsSystem.Application.Test.runtimeconfig.json" --depsfile "E:\Github\Examinations-System\ExaminationsSystem.Application.Test\bin\Debug\net7.0\fine-code-coverage\build-output\ExaminationsSystem.Application.Test.deps.json" --port 10404 --endpoint 127.0.0.1:010404 --role client --parentprocessid 38856 --diag "E:\Github\Examinations-System\ExaminationsSystem.Application.Test\bin\Debug\net7.0\fine-code-coverage\coverage-tool-output\diagnostics.host.23-09-10_11-37-46_99473_5.log" --tracelevel 4 --datacollectionport 10403 --telemetryoptedin false'
TpTrace Verbose: 0 : 38856, 5, 2023/09/10, 11:37:47.002, 17084855624573, vstest.console.dll, MulticastDelegateUtilities.SafeInvoke: HostProviderEvents.OnHostLaunched: Invoking callback 1/2 for Microsoft.VisualStudio.TestPlatform.CrossPlatEngine.Client.ProxyExecutionManagerWithDataCollection., took 1 ms.
TpTrace Verbose: 0 : 38856, 5, 2023/09/10, 11:37:47.002, 17084855626440, vstest.console.dll, Test Runtime launched
TpTrace Verbose: 0 : 38856, 5, 2023/09/10, 11:37:47.002, 17084855626846, vstest.console.dll, MulticastDelegateUtilities.SafeInvoke: HostProviderEvents.OnHostLaunched: Invoking callback 2/2 for Microsoft.VisualStudio.TestPlatform.CrossPlatEngine.Client.ProxyOperationManager., took 0 ms.
TpTrace Verbose: 0 : 38856, 5, 2023/09/10, 11:37:47.003, 17084855627820, vstest.console.dll, TestRequestSender.WaitForRequestHandlerConnection: waiting for connection with timeout: 90000.
TpTrace Verbose: 0 : 38856, 5, 2023/09/10, 11:37:47.114, 17084856744930, vstest.console.dll, TestRequestSender.WaitForRequestHandlerConnection: waiting took 111 ms, with timeout 90000 ms, and result 0, which is success.
TpTrace Verbose: 0 : 38856, 7, 2023/09/10, 11:37:47.114, 17084856744933, vstest.console.dll, MulticastDelegateUtilities.SafeInvoke: SocketServer: ClientConnected: Invoking callback 1/1 for Microsoft.VisualStudio.TestPlatform.CommunicationUtilities.TestRequestSender., took 0 ms.
TpTrace Verbose: 0 : 38856, 7, 2023/09/10, 11:37:47.114, 17084856746368, vstest.console.dll, SocketServer.OnClientConnected: Client connected for endPoint: 127.0.0.1:10404, starting MessageLoopAsync:
TpTrace Verbose: 0 : 38856, 14, 2023/09/10, 11:37:47.115, 17084856748588, vstest.console.dll, TcpClientExtensions.MessageLoopAsync: Polling on remoteEndPoint: 127.0.0.1:10405 localEndPoint: 127.0.0.1:10404
TpTrace Verbose: 0 : 38856, 5, 2023/09/10, 11:37:47.115, 17084856751609, vstest.console.dll, TestRequestSender.CheckVersionWithTestHost: Sending check version message: {"MessageType":"ProtocolVersion","Payload":7}
TpTrace Verbose: 0 : 38856, 14, 2023/09/10, 11:37:47.191, 17084857508362, vstest.console.dll, TcpClientExtensions.MessageLoopAsync: NotifyDataAvailable remoteEndPoint: 127.0.0.1:10405 localEndPoint: 127.0.0.1:10404
TpTrace Verbose: 0 : 38856, 14, 2023/09/10, 11:37:47.191, 17084857510260, vstest.console.dll, TestRequestSender.CheckVersionWithTestHost: onMessageReceived received message: (ProtocolVersion) -> {"MessageType":"ProtocolVersion","Payload":7}
TpTrace Verbose: 0 : 38856, 14, 2023/09/10, 11:37:47.191, 17084857515041, vstest.console.dll, MulticastDelegateUtilities.SafeInvoke: LengthPrefixCommunicationChannel: MessageReceived: Invoking callback 1/1 for Microsoft.VisualStudio.TestPlatform.CommunicationUtilities.TestRequestSender+<>c__DisplayClass29_0., took 0 ms.
TpTrace Verbose: 0 : 38856, 14, 2023/09/10, 11:37:47.191, 17084857515727, vstest.console.dll, TcpClientExtensions.MessageLoopAsync: Polling on remoteEndPoint: 127.0.0.1:10405 localEndPoint: 127.0.0.1:10404
TpTrace Verbose: 0 : 38856, 5, 2023/09/10, 11:37:47.191, 17084857515697, vstest.console.dll, TestPluginCache.GetExtensionPaths: Filtered extension paths: 
TpTrace Verbose: 0 : 38856, 5, 2023/09/10, 11:37:47.191, 17084857516487, vstest.console.dll, TestPluginCache.GetExtensionPaths: Added default extension paths: C:\Program Files\dotnet\sdk\7.0.306\Extensions\Microsoft.Diagnostics.NETCore.Client.dll
C:\Program Files\dotnet\sdk\7.0.306\Extensions\Microsoft.TestPlatform.Extensions.BlameDataCollector.dll
C:\Program Files\dotnet\sdk\7.0.306\Extensions\Microsoft.TestPlatform.Extensions.EventLogCollector.dll
C:\Program Files\dotnet\sdk\7.0.306\Extensions\Microsoft.TestPlatform.TestHostRuntimeProvider.dll
C:\Program Files\dotnet\sdk\7.0.306\Extensions\Microsoft.VisualStudio.TestPlatform.Extensions.Html.TestLogger.dll
C:\Program Files\dotnet\sdk\7.0.306\Extensions\Microsoft.VisualStudio.TestPlatform.Extensions.Trx.TestLogger.dll
TpTrace Verbose: 0 : 38856, 5, 2023/09/10, 11:37:47.191, 17084857516757, vstest.console.dll, TestPluginCache.GetExtensionPaths: Added unfilterableExtensionPaths: 
TpTrace Verbose: 0 : 38856, 5, 2023/09/10, 11:37:47.194, 17084857537323, vstest.console.dll, TestRequestSender.InitializeExecution: Sending initialize execution with message: {"Version":7,"MessageType":"TestExecution.Initialize","Payload":["E:\\Github\\Examinations-System\\ExaminationsSystem.Application.Test\\bin\\Debug\\net7.0\\fine-code-coverage\\build-output\\xunit.runner.visualstudio.dotnetcore.testadapter.dll"]}
TpTrace Verbose: 0 : 38856, 5, 2023/09/10, 11:37:47.194, 17084857538482, vstest.console.dll, ParallelProxyExecutionManager: Execution started. Started clients: 1
TpTrace Verbose: 0 : 38856, 5, 2023/09/10, 11:37:47.194, 17084857540228, vstest.console.dll, TestRunRequest:SendTestRunMessage: Starting.
TpTrace Verbose: 0 : 38856, 5, 2023/09/10, 11:37:47.194, 17084857541194, vstest.console.dll, MulticastDelegateUtilities.SafeInvoke: TestRun.LogMessages: Invoking callback 1/1 for Microsoft.VisualStudio.TestPlatform.CommandLine.TestRunResultAggregator., took 0 ms.
TpTrace Information: 0 : 38856, 5, 2023/09/10, 11:37:47.194, 17084857541480, vstest.console.dll, TestRunRequest:SendTestRunMessage: Completed.
TpTrace Verbose: 0 : 38856, 4, 2023/09/10, 11:37:47.194, 17084857542501, vstest.console.dll, MulticastDelegateUtilities.SafeInvoke: InternalTestLoggerEvents.SendTestRunMessage: Invoking callback 1/1 for Microsoft.VisualStudio.TestPlatform.CommandLine.Internal.ConsoleLogger., took 0 ms.
TpTrace Warning: 0 : 38856, 5, 2023/09/10, 11:37:47.194, 17084857544038, vstest.console.dll, InferRunSettingsHelper.MakeRunsettingsCompatible: Removing the following settings: TargetPlatform from RunSettings file. To use those settings please move to latest version of Microsoft.NET.Test.Sdk
TpTrace Verbose: 0 : 38856, 14, 2023/09/10, 11:37:47.195, 17084857548141, vstest.console.dll, TcpClientExtensions.MessageLoopAsync: NotifyDataAvailable remoteEndPoint: 127.0.0.1:10405 localEndPoint: 127.0.0.1:10404
TpTrace Verbose: 0 : 38856, 14, 2023/09/10, 11:37:47.195, 17084857550213, vstest.console.dll, TestRequestSender.OnExecutionMessageReceived: Received message: {"Version":7,"MessageType":"TestSession.Message","Payload":{"MessageLevel":0,"Message":"Logging TestHost Diagnostics in file: E:\\Github\\Examinations-System\\ExaminationsSystem.Application.Test\\bin\\Debug\\net7.0\\fine-code-coverage\\coverage-tool-output\\diagnostics.host.23-09-10_11-37-46_99473_5.log"}}
TpTrace Verbose: 0 : 38856, 14, 2023/09/10, 11:37:47.196, 17084857566250, vstest.console.dll, TestRunRequest:SendTestRunMessage: Starting.
TpTrace Verbose: 0 : 38856, 14, 2023/09/10, 11:37:47.196, 17084857566967, vstest.console.dll, MulticastDelegateUtilities.SafeInvoke: TestRun.LogMessages: Invoking callback 1/1 for Microsoft.VisualStudio.TestPlatform.CommandLine.TestRunResultAggregator., took 0 ms.
TpTrace Verbose: 0 : 38856, 4, 2023/09/10, 11:37:47.197, 17084857567120, vstest.console.dll, MulticastDelegateUtilities.SafeInvoke: InternalTestLoggerEvents.SendTestRunMessage: Invoking callback 1/1 for Microsoft.VisualStudio.TestPlatform.CommandLine.Internal.ConsoleLogger., took 0 ms.
TpTrace Information: 0 : 38856, 14, 2023/09/10, 11:37:47.197, 17084857567188, vstest.console.dll, TestRunRequest:SendTestRunMessage: Completed.
TpTrace Verbose: 0 : 38856, 14, 2023/09/10, 11:37:47.197, 17084857567929, vstest.console.dll, MulticastDelegateUtilities.SafeInvoke: LengthPrefixCommunicationChannel: MessageReceived: Invoking callback 1/1 for Microsoft.VisualStudio.TestPlatform.CommunicationUtilities.TestRequestSender+<>c__DisplayClass34_0., took 1 ms.
TpTrace Verbose: 0 : 38856, 14, 2023/09/10, 11:37:47.197, 17084857568128, vstest.console.dll, TcpClientExtensions.MessageLoopAsync: Polling on remoteEndPoint: 127.0.0.1:10405 localEndPoint: 127.0.0.1:10404
TpTrace Verbose: 0 : 38856, 5, 2023/09/10, 11:37:47.199, 17084857593180, vstest.console.dll, TestRequestSender.StartTestRun: Sending test run with message: {"Version":7,"MessageType":"TestExecution.StartWithSources","Payload":{"AdapterSourceMap":{"_none_":["E:\\Github\\Examinations-System\\ExaminationsSystem.Application.Test\\bin\\Debug\\net7.0\\fine-code-coverage\\build-output\\ExaminationsSystem.Application.Test.dll"]},"RunSettings":"<RunSettings>\r\n  <RunConfiguration>\r\n    <ResultsDirectory>E:\\Github\\Examinations-System\\ExaminationsSystem.Application.Test\\bin\\Debug\\net7.0\\fine-code-coverage\\coverage-tool-output</ResultsDirectory>\r\n    <TargetFrameworkVersion>.NETCoreApp,Version=v7.0</TargetFrameworkVersion>\r\n    <DesignMode>False</DesignMode>\r\n    <CollectSourceInformation>False</CollectSourceInformation>\r\n  </RunConfiguration>\r\n  <LoggerRunSettings>\r\n    <Loggers>\r\n      <Logger friendlyName=\"blame\" enabled=\"True\" />\r\n      <Logger friendlyName=\"Console\" uri=\"logger://microsoft/TestPlatform/ConsoleLogger/v1\" assemblyQualifiedName=\"Microsoft.VisualStudio.TestPlatform.CommandLine.Internal.ConsoleLogger, vstest.console, Version=15.0.0.0, Culture=neutral, PublicKeyToken=b03f5f7f11d50a3a\" codeBase=\"C:\\Program Files\\dotnet\\sdk\\7.0.306\\vstest.console.dll\" enabled=\"True\" />\r\n    </Loggers>\r\n  </LoggerRunSettings>\r\n  <DataCollectionRunSettings>\r\n    <DataCollectors>\r\n      <DataCollector friendlyName=\"blame\" enabled=\"True\">\r\n        <Configuration>\r\n          <ResultsDirectory>E:\\Github\\Examinations-System\\ExaminationsSystem.Application.Test\\bin\\Debug\\net7.0\\fine-code-coverage\\coverage-tool-output</ResultsDirectory>\r\n        </Configuration>\r\n      </DataCollector>\r\n    </DataCollectors>\r\n  </DataCollectionRunSettings>\r\n</RunSettings>","TestExecutionContext":{"FrequencyOfRunStatsChangeEvent":10,"RunStatsChangeEventTimeout":"00:00:01.5000000","InIsolation":false,"KeepAlive":false,"AreTestCaseLevelEventsRequired":false,"IsDebug":false,"TestCaseFilter":null,"FilterOptions":null},"Package":null}}
TpTrace Verbose: 0 : 38856, 14, 2023/09/10, 11:37:47.280, 17084858399124, vstest.console.dll, TcpClientExtensions.MessageLoopAsync: NotifyDataAvailable remoteEndPoint: 127.0.0.1:10405 localEndPoint: 127.0.0.1:10404
TpTrace Verbose: 0 : 38856, 14, 2023/09/10, 11:37:47.280, 17084858400319, vstest.console.dll, TestRequestSender.OnExecutionMessageReceived: Received message: {"Version":7,"MessageType":"TestSession.Message","Payload":{"MessageLevel":0,"Message":"[xUnit.net 00:00:00.00] xUnit.net VSTest Adapter v2.4.5+1caef2f33e (64-bit .NET 7.0.9)"}}
TpTrace Verbose: 0 : 38856, 14, 2023/09/10, 11:37:47.280, 17084858402207, vstest.console.dll, TestRunRequest:SendTestRunMessage: Starting.
TpTrace Verbose: 0 : 38856, 14, 2023/09/10, 11:37:47.280, 17084858402678, vstest.console.dll, MulticastDelegateUtilities.SafeInvoke: TestRun.LogMessages: Invoking callback 1/1 for Microsoft.VisualStudio.TestPlatform.CommandLine.TestRunResultAggregator., took 0 ms.
TpTrace Information: 0 : 38856, 14, 2023/09/10, 11:37:47.280, 17084858402943, vstest.console.dll, TestRunRequest:SendTestRunMessage: Completed.
TpTrace Verbose: 0 : 38856, 14, 2023/09/10, 11:37:47.280, 17084858403125, vstest.console.dll, MulticastDelegateUtilities.SafeInvoke: LengthPrefixCommunicationChannel: MessageReceived: Invoking callback 1/1 for Microsoft.VisualStudio.TestPlatform.CommunicationUtilities.TestRequestSender+<>c__DisplayClass34_0., took 0 ms.
TpTrace Verbose: 0 : 38856, 4, 2023/09/10, 11:37:47.280, 17084858402994, vstest.console.dll, MulticastDelegateUtilities.SafeInvoke: InternalTestLoggerEvents.SendTestRunMessage: Invoking callback 1/1 for Microsoft.VisualStudio.TestPlatform.CommandLine.Internal.ConsoleLogger., took 0 ms.
TpTrace Verbose: 0 : 38856, 14, 2023/09/10, 11:37:47.280, 17084858403431, vstest.console.dll, TcpClientExtensions.MessageLoopAsync: Polling on remoteEndPoint: 127.0.0.1:10405 localEndPoint: 127.0.0.1:10404
TpTrace Verbose: 0 : 38856, 14, 2023/09/10, 11:37:48.011, 17084865713803, vstest.console.dll, TcpClientExtensions.MessageLoopAsync: NotifyDataAvailable remoteEndPoint: 127.0.0.1:10405 localEndPoint: 127.0.0.1:10404
TpTrace Verbose: 0 : 38856, 14, 2023/09/10, 11:37:48.011, 17084865715255, vstest.console.dll, TestRequestSender.OnExecutionMessageReceived: Received message: {"Version":7,"MessageType":"TestSession.Message","Payload":{"MessageLevel":0,"Message":"[xUnit.net 00:00:00.73]   Discovering: ExaminationsSystem.Application.Test"}}
TpTrace Verbose: 0 : 38856, 14, 2023/09/10, 11:37:48.011, 17084865716389, vstest.console.dll, TestRunRequest:SendTestRunMessage: Starting.
TpTrace Verbose: 0 : 38856, 14, 2023/09/10, 11:37:48.011, 17084865716893, vstest.console.dll, MulticastDelegateUtilities.SafeInvoke: TestRun.LogMessages: Invoking callback 1/1 for Microsoft.VisualStudio.TestPlatform.CommandLine.TestRunResultAggregator., took 0 ms.
TpTrace Information: 0 : 38856, 14, 2023/09/10, 11:37:48.012, 17084865717191, vstest.console.dll, TestRunRequest:SendTestRunMessage: Completed.
TpTrace Verbose: 0 : 38856, 4, 2023/09/10, 11:37:48.012, 17084865717152, vstest.console.dll, MulticastDelegateUtilities.SafeInvoke: InternalTestLoggerEvents.SendTestRunMessage: Invoking callback 1/1 for Microsoft.VisualStudio.TestPlatform.CommandLine.Internal.ConsoleLogger., took 0 ms.
TpTrace Verbose: 0 : 38856, 14, 2023/09/10, 11:37:48.012, 17084865717855, vstest.console.dll, MulticastDelegateUtilities.SafeInvoke: LengthPrefixCommunicationChannel: MessageReceived: Invoking callback 1/1 for Microsoft.VisualStudio.TestPlatform.CommunicationUtilities.TestRequestSender+<>c__DisplayClass34_0., took 0 ms.
TpTrace Verbose: 0 : 38856, 14, 2023/09/10, 11:37:48.012, 17084865718170, vstest.console.dll, TcpClientExtensions.MessageLoopAsync: Polling on remoteEndPoint: 127.0.0.1:10405 localEndPoint: 127.0.0.1:10404
TpTrace Verbose: 0 : 38856, 14, 2023/09/10, 11:37:48.031, 17084865917122, vstest.console.dll, TcpClientExtensions.MessageLoopAsync: NotifyDataAvailable remoteEndPoint: 127.0.0.1:10405 localEndPoint: 127.0.0.1:10404
TpTrace Verbose: 0 : 38856, 14, 2023/09/10, 11:37:48.032, 17084865918613, vstest.console.dll, TestRequestSender.OnExecutionMessageReceived: Received message: {"Version":7,"MessageType":"TestSession.Message","Payload":{"MessageLevel":0,"Message":"[xUnit.net 00:00:00.75]   Discovered:  ExaminationsSystem.Application.Test"}}
TpTrace Verbose: 0 : 38856, 14, 2023/09/10, 11:37:48.032, 17084865919879, vstest.console.dll, TestRunRequest:SendTestRunMessage: Starting.
TpTrace Verbose: 0 : 38856, 14, 2023/09/10, 11:37:48.032, 17084865920378, vstest.console.dll, MulticastDelegateUtilities.SafeInvoke: TestRun.LogMessages: Invoking callback 1/1 for Microsoft.VisualStudio.TestPlatform.CommandLine.TestRunResultAggregator., took 0 ms.
TpTrace Information: 0 : 38856, 14, 2023/09/10, 11:37:48.032, 17084865920727, vstest.console.dll, TestRunRequest:SendTestRunMessage: Completed.
TpTrace Verbose: 0 : 38856, 4, 2023/09/10, 11:37:48.032, 17084865920610, vstest.console.dll, MulticastDelegateUtilities.SafeInvoke: InternalTestLoggerEvents.SendTestRunMessage: Invoking callback 1/1 for Microsoft.VisualStudio.TestPlatform.CommandLine.Internal.ConsoleLogger., took 0 ms.
TpTrace Verbose: 0 : 38856, 14, 2023/09/10, 11:37:48.032, 17084865921024, vstest.console.dll, MulticastDelegateUtilities.SafeInvoke: LengthPrefixCommunicationChannel: MessageReceived: Invoking callback 1/1 for Microsoft.VisualStudio.TestPlatform.CommunicationUtilities.TestRequestSender+<>c__DisplayClass34_0., took 0 ms.
TpTrace Verbose: 0 : 38856, 14, 2023/09/10, 11:37:48.032, 17084865921884, vstest.console.dll, TcpClientExtensions.MessageLoopAsync: Polling on remoteEndPoint: 127.0.0.1:10405 localEndPoint: 127.0.0.1:10404
TpTrace Verbose: 0 : 38856, 14, 2023/09/10, 11:37:48.033, 17084865935772, vstest.console.dll, TcpClientExtensions.MessageLoopAsync: NotifyDataAvailable remoteEndPoint: 127.0.0.1:10405 localEndPoint: 127.0.0.1:10404
TpTrace Verbose: 0 : 38856, 14, 2023/09/10, 11:37:48.033, 17084865936388, vstest.console.dll, TestRequestSender.OnExecutionMessageReceived: Received message: {"Version":7,"MessageType":"TestSession.Message","Payload":{"MessageLevel":0,"Message":"[xUnit.net 00:00:00.75]   Starting:    ExaminationsSystem.Application.Test"}}
TpTrace Verbose: 0 : 38856, 14, 2023/09/10, 11:37:48.033, 17084865936980, vstest.console.dll, TestRunRequest:SendTestRunMessage: Starting.
TpTrace Verbose: 0 : 38856, 14, 2023/09/10, 11:37:48.034, 17084865937297, vstest.console.dll, MulticastDelegateUtilities.SafeInvoke: TestRun.LogMessages: Invoking callback 1/1 for Microsoft.VisualStudio.TestPlatform.CommandLine.TestRunResultAggregator., took 0 ms.
TpTrace Verbose: 0 : 38856, 4, 2023/09/10, 11:37:48.034, 17084865937416, vstest.console.dll, MulticastDelegateUtilities.SafeInvoke: InternalTestLoggerEvents.SendTestRunMessage: Invoking callback 1/1 for Microsoft.VisualStudio.TestPlatform.CommandLine.Internal.ConsoleLogger., took 0 ms.
TpTrace Information: 0 : 38856, 14, 2023/09/10, 11:37:48.034, 17084865937566, vstest.console.dll, TestRunRequest:SendTestRunMessage: Completed.
TpTrace Verbose: 0 : 38856, 14, 2023/09/10, 11:37:48.034, 17084865938093, vstest.console.dll, MulticastDelegateUtilities.SafeInvoke: LengthPrefixCommunicationChannel: MessageReceived: Invoking callback 1/1 for Microsoft.VisualStudio.TestPlatform.CommunicationUtilities.TestRequestSender+<>c__DisplayClass34_0., took 0 ms.
TpTrace Verbose: 0 : 38856, 14, 2023/09/10, 11:37:48.034, 17084865938283, vstest.console.dll, TcpClientExtensions.MessageLoopAsync: Polling on remoteEndPoint: 127.0.0.1:10405 localEndPoint: 127.0.0.1:10404
TpTrace Verbose: 0 : 38856, 14, 2023/09/10, 11:37:48.285, 17084868454169, vstest.console.dll, TcpClientExtensions.MessageLoopAsync: NotifyDataAvailable remoteEndPoint: 127.0.0.1:10405 localEndPoint: 127.0.0.1:10404
TpTrace Verbose: 0 : 38856, 14, 2023/09/10, 11:37:48.285, 17084868456572, vstest.console.dll, TestRequestSender.OnExecutionMessageReceived: Received message: {"Version":7,"MessageType":"TestExecution.StatsChange","Payload":{"NewTestResults":[{"TestCase":{"Id":"4ef19365-a41d-09d3-7862-f2d6c419afa6","FullyQualifiedName":"StudentExaminationsSystem.Application.Test.Features.StudentExams.Commands.Delete.Delete_Success_Return_DeleteStudentExamCommandResponse","DisplayName":"StudentExaminationsSystem.Application.Test.Features.StudentExams.Commands.Delete.Delete_Success_Return_DeleteStudentExamCommandResponse","ExecutorUri":"executor://xunit/VsTestRunner2/netcoreapp","Source":"E:\\Github\\Examinations-System\\ExaminationsSystem.Application.Test\\bin\\Debug\\net7.0\\fine-code-coverage\\build-output\\ExaminationsSystem.Application.Test.dll","CodeFilePath":null,"LineNumber":0,"Properties":[]},"Attachments":[],"Outcome":1,"ErrorMessage":null,"ErrorStackTrace":null,"DisplayName":"StudentExaminationsSystem.Application.Test.Features.StudentExams.Commands.Delete.Delete_Success_Return_DeleteStudentExamCommandResponse","Messages":[],"ComputerName":"DESKTOP-UVER2OQ","Duration":"00:00:00.1663009","StartTime":"2023-09-10T08:37:48.2334053+00:00","EndTime":"2023-09-10T08:37:48.2334577+00:00","Properties":[]}],"TestRunStatistics":{"ExecutedTests":1,"Stats":{"Passed":1}},"ActiveTests":[{"Id":"02fce207-e472-21a5-fa0a-c33ea2b373b7","FullyQualifiedName":"ExaminationsSystem.Application.Test.Features.Questions.Commands.Delete.Delete_Fail_Return_ValidationError","DisplayName":"ExaminationsSystem.Application.Test.Features.Questions.Commands.Delete.Delete_Fail_Return_ValidationError","ExecutorUri":"executor://xunit/VsTestRunner2/netcoreapp","Source":"E:\\Github\\Examinations-System\\ExaminationsSystem.Application.Test\\bin\\Debug\\net7.0\\fine-code-coverage\\build-output\\ExaminationsSystem.Application.Test.dll","CodeFilePath":null,"LineNumber":0,"Properties":[]},{"Id":"f6ac48a6-866b-2b71-362e-689dcb2f494c","FullyQualifiedName":"ExaminationsSystem.Application.Test.Features.Questions.Commands.Create.Create_Fail_Return_ValidationError","DisplayName":"ExaminationsSystem.Application.Test.Features.Questions.Commands.Create.Create_Fail_Return_ValidationError","ExecutorUri":"executor://xunit/VsTestRunner2/netcoreapp","Source":"E:\\Github\\Examinations-System\\ExaminationsSystem.Application.Test\\bin\\Debug\\net7.0\\fine-code-coverage\\build-output\\ExaminationsSystem.Application.Test.dll","CodeFilePath":null,"LineNumber":0,"Properties":[]},{"Id":"02219e5a-de80-85f6-30b0-308959631216","FullyQualifiedName":"ExaminationsSystem.Application.Test.Features.Exams.Commands.Delete.Delete_Fail_Return_ValidationError","DisplayName":"ExaminationsSystem.Application.Test.Features.Exams.Commands.Delete.Delete_Fail_Return_ValidationError","ExecutorUri":"executor://xunit/VsTestRunner2/netcoreapp","Source":"E:\\Github\\Examinations-System\\ExaminationsSystem.Application.Test\\bin\\Debug\\net7.0\\fine-code-coverage\\build-output\\ExaminationsSystem.Application.Test.dll","CodeFilePath":null,"LineNumber":0,"Properties":[]},{"Id":"cd7a0ad5-b4d0-e5ae-bc1d-c20fa49d1a0e","FullyQualifiedName":"StudentExaminationsSystem.Application.Test.Features.StudentExams.Commands.Create.Create_Success_Return_CreateStudentExamCommandResponse","DisplayName":"StudentExaminationsSystem.Application.Test.Features.StudentExams.Commands.Create.Create_Success_Return_CreateStudentExamCommandResponse","ExecutorUri":"executor://xunit/VsTestRunner2/netcoreapp","Source":"E:\\Github\\Examinations-System\\ExaminationsSystem.Application.Test\\bin\\Debug\\net7.0\\fine-code-coverage\\build-output\\ExaminationsSystem.Application.Test.dll","CodeFilePath":null,"LineNumber":0,"Properties":[]},{"Id":"78a7cc87-ce84-4180-090a-f7213086a622","FullyQualifiedName":"ExaminationsSystem.Application.Test.Features.Exams.Commands.Update.Update_Fail_Return_ValidationError","DisplayName":"ExaminationsSystem.Application.Test.Features.Exams.Commands.Update.Update_Fail_Return_ValidationError","ExecutorUri":"executor://xunit/VsTestRunner2/netcoreapp","Source":"E:\\Github\\Examinations-System\\ExaminationsSystem.Application.Test\\bin\\Debug\\net7.0\\fine-code-coverage\\build-output\\ExaminationsSystem.Application.Test.dll","CodeFilePath":null,"LineNumber":0,"Properties":[]},{"Id":"f7224f9a-5120-e004-390a-f813ad94f90f","FullyQualifiedName":"StudentExaminationsSystem.Application.Test.Features.StudentExams.Commands.Update.Update_Success_Return_UpdateStudentExamCommandResponse","DisplayName":"StudentExaminationsSystem.Application.Test.Features.StudentExams.Commands.Update.Update_Success_Return_UpdateStudentExamCommandResponse","ExecutorUri":"executor://xunit/VsTestRunner2/netcoreapp","Source":"E:\\Github\\Examinations-System\\ExaminationsSystem.Application.Test\\bin\\Debug\\net7.0\\fine-code-coverage\\build-output\\ExaminationsSystem.Application.Test.dll","CodeFilePath":null,"LineNumber":0,"Properties":[]},{"Id":"49bfaf6a-1b19-65bb-e6f1-c88ac5a8170c","FullyQualifiedName":"ExaminationsSystem.Application.Test.Features.Questions.Commands.Update.Update_Fail_Return_ValidationError","DisplayName":"ExaminationsSystem.Application.Test.Features.Questions.Commands.Update.Update_Fail_Return_ValidationError","ExecutorUri":"executor://xunit/VsTestRunner2/netcoreapp","Source":"E:\\Github\\Examinations-System\\ExaminationsSystem.Application.Test\\bin\\Debug\\net7.0\\fine-code-coverage\\build-output\\ExaminationsSystem.Application.Test.dll","CodeFilePath":null,"LineNumber":0,"Properties":[]},{"Id":"9600474b-1789-17fa-b590-4987d9d9df88","FullyQualifiedName":"ExaminationsSystem.Application.Test.Features.Exams.Commands.Create.Create_Fail_Return_ValidationError","DisplayName":"ExaminationsSystem.Application.Test.Features.Exams.Commands.Create.Create_Fail_Return_ValidationError","ExecutorUri":"executor://xunit/VsTestRunner2/netcoreapp","Source":"E:\\Github\\Examinations-System\\ExaminationsSystem.Application.Test\\bin\\Debug\\net7.0\\fine-code-coverage\\build-output\\ExaminationsSystem.Application.Test.dll","CodeFilePath":null,"LineNumber":0,"Properties":[]},{"Id":"f82612d1-9f5a-0af1-3316-19e159c04d36","FullyQualifiedName":"StudentExaminationsSystem.Application.Test.Features.StudentExams.Commands.Delete.Delete_Fail_Return_ValidationError","DisplayName":"StudentExaminationsSystem.Application.Test.Features.StudentExams.Commands.Delete.Delete_Fail_Return_ValidationError","ExecutorUri":"executor://xunit/VsTestRunner2/netcoreapp","Source":"E:\\Github\\Examinations-System\\ExaminationsSystem.Application.Test\\bin\\Debug\\net7.0\\fine-code-coverage\\build-output\\ExaminationsSystem.Application.Test.dll","CodeFilePath":null,"LineNumber":0,"Properties":[]}]}}
TpTrace Verbose: 0 : 38856, 14, 2023/09/10, 11:37:48.299, 17084868593602, vstest.console.dll, TestRunRequest:SendTestRunStatsChange: Starting.
TpTrace Verbose: 0 : 38856, 14, 2023/09/10, 11:37:48.299, 17084868595059, vstest.console.dll, InProgress is ExaminationsSystem.Application.Test.Features.Questions.Commands.Delete.Delete_Fail_Return_ValidationError
TpTrace Verbose: 0 : 38856, 14, 2023/09/10, 11:37:48.299, 17084868595323, vstest.console.dll, InProgress is ExaminationsSystem.Application.Test.Features.Questions.Commands.Create.Create_Fail_Return_ValidationError
TpTrace Verbose: 0 : 38856, 14, 2023/09/10, 11:37:48.299, 17084868595535, vstest.console.dll, InProgress is ExaminationsSystem.Application.Test.Features.Exams.Commands.Delete.Delete_Fail_Return_ValidationError
TpTrace Verbose: 0 : 38856, 14, 2023/09/10, 11:37:48.299, 17084868595840, vstest.console.dll, InProgress is StudentExaminationsSystem.Application.Test.Features.StudentExams.Commands.Create.Create_Success_Return_CreateStudentExamCommandResponse
TpTrace Verbose: 0 : 38856, 14, 2023/09/10, 11:37:48.299, 17084868596006, vstest.console.dll, InProgress is ExaminationsSystem.Application.Test.Features.Exams.Commands.Update.Update_Fail_Return_ValidationError
TpTrace Verbose: 0 : 38856, 14, 2023/09/10, 11:37:48.299, 17084868596185, vstest.console.dll, InProgress is StudentExaminationsSystem.Application.Test.Features.StudentExams.Commands.Update.Update_Success_Return_UpdateStudentExamCommandResponse
TpTrace Verbose: 0 : 38856, 14, 2023/09/10, 11:37:48.299, 17084868596322, vstest.console.dll, InProgress is ExaminationsSystem.Application.Test.Features.Questions.Commands.Update.Update_Fail_Return_ValidationError
TpTrace Verbose: 0 : 38856, 14, 2023/09/10, 11:37:48.299, 17084868596456, vstest.console.dll, InProgress is ExaminationsSystem.Application.Test.Features.Exams.Commands.Create.Create_Fail_Return_ValidationError
TpTrace Verbose: 0 : 38856, 14, 2023/09/10, 11:37:48.299, 17084868596585, vstest.console.dll, InProgress is StudentExaminationsSystem.Application.Test.Features.StudentExams.Commands.Delete.Delete_Fail_Return_ValidationError
TpTrace Verbose: 0 : 38856, 14, 2023/09/10, 11:37:48.300, 17084868598330, vstest.console.dll, MulticastDelegateUtilities.SafeInvoke: TestRun.RunStatsChanged: Invoking callbacks was skipped because there are no subscribers.
TpTrace Information: 0 : 38856, 14, 2023/09/10, 11:37:48.300, 17084868598651, vstest.console.dll, TestRunRequest:SendTestRunStatsChange: Completed.
TpTrace Verbose: 0 : 38856, 14, 2023/09/10, 11:37:48.300, 17084868598851, vstest.console.dll, MulticastDelegateUtilities.SafeInvoke: LengthPrefixCommunicationChannel: MessageReceived: Invoking callback 1/1 for Microsoft.VisualStudio.TestPlatform.CommunicationUtilities.TestRequestSender+<>c__DisplayClass34_0., took 14 ms.
TpTrace Verbose: 0 : 38856, 14, 2023/09/10, 11:37:48.300, 17084868599048, vstest.console.dll, TcpClientExtensions.MessageLoopAsync: Polling on remoteEndPoint: 127.0.0.1:10405 localEndPoint: 127.0.0.1:10404
TpTrace Verbose: 0 : 38856, 14, 2023/09/10, 11:37:48.300, 17084868599327, vstest.console.dll, TcpClientExtensions.MessageLoopAsync: NotifyDataAvailable remoteEndPoint: 127.0.0.1:10405 localEndPoint: 127.0.0.1:10404
TpTrace Verbose: 0 : 38856, 14, 2023/09/10, 11:37:48.300, 17084868600448, vstest.console.dll, TestRequestSender.OnExecutionMessageReceived: Received message: {"Version":7,"MessageType":"TestExecution.StatsChange","Payload":{"NewTestResults":[{"TestCase":{"Id":"f7224f9a-5120-e004-390a-f813ad94f90f","FullyQualifiedName":"StudentExaminationsSystem.Application.Test.Features.StudentExams.Commands.Update.Update_Success_Return_UpdateStudentExamCommandResponse","DisplayName":"StudentExaminationsSystem.Application.Test.Features.StudentExams.Commands.Update.Update_Success_Return_UpdateStudentExamCommandResponse","ExecutorUri":"executor://xunit/VsTestRunner2/netcoreapp","Source":"E:\\Github\\Examinations-System\\ExaminationsSystem.Application.Test\\bin\\Debug\\net7.0\\fine-code-coverage\\build-output\\ExaminationsSystem.Application.Test.dll","CodeFilePath":null,"LineNumber":0,"Properties":[]},"Attachments":[],"Outcome":1,"ErrorMessage":null,"ErrorStackTrace":null,"DisplayName":"StudentExaminationsSystem.Application.Test.Features.StudentExams.Commands.Update.Update_Success_Return_UpdateStudentExamCommandResponse","Messages":[],"ComputerName":"DESKTOP-UVER2OQ","Duration":"00:00:00.1690065","StartTime":"2023-09-10T08:37:48.2867288+00:00","EndTime":"2023-09-10T08:37:48.2867289+00:00","Properties":[]},{"TestCase":{"Id":"02219e5a-de80-85f6-30b0-308959631216","FullyQualifiedName":"ExaminationsSystem.Application.Test.Features.Exams.Commands.Delete.Delete_Fail_Return_ValidationError","DisplayName":"ExaminationsSystem.Application.Test.Features.Exams.Commands.Delete.Delete_Fail_Return_ValidationError","ExecutorUri":"executor://xunit/VsTestRunner2/netcoreapp","Source":"E:\\Github\\Examinations-System\\ExaminationsSystem.Application.Test\\bin\\Debug\\net7.0\\fine-code-coverage\\build-output\\ExaminationsSystem.Application.Test.dll","CodeFilePath":null,"LineNumber":0,"Properties":[]},"Attachments":[],"Outcome":1,"ErrorMessage":null,"ErrorStackTrace":null,"DisplayName":"ExaminationsSystem.Application.Test.Features.Exams.Commands.Delete.Delete_Fail_Return_ValidationError","Messages":[],"ComputerName":"DESKTOP-UVER2OQ","Duration":"00:00:00.1684573","StartTime":"2023-09-10T08:37:48.2890911+00:00","EndTime":"2023-09-10T08:37:48.2890912+00:00","Properties":[]},{"TestCase":{"Id":"02fce207-e472-21a5-fa0a-c33ea2b373b7","FullyQualifiedName":"ExaminationsSystem.Application.Test.Features.Questions.Commands.Delete.Delete_Fail_Return_ValidationError","DisplayName":"ExaminationsSystem.Application.Test.Features.Questions.Commands.Delete.Delete_Fail_Return_ValidationError","ExecutorUri":"executor://xunit/VsTestRunner2/netcoreapp","Source":"E:\\Github\\Examinations-System\\ExaminationsSystem.Application.Test\\bin\\Debug\\net7.0\\fine-code-coverage\\build-output\\ExaminationsSystem.Application.Test.dll","CodeFilePath":null,"LineNumber":0,"Properties":[]},"Attachments":[],"Outcome":1,"ErrorMessage":null,"ErrorStackTrace":null,"DisplayName":"ExaminationsSystem.Application.Test.Features.Questions.Commands.Delete.Delete_Fail_Return_ValidationError","Messages":[],"ComputerName":"DESKTOP-UVER2OQ","Duration":"00:00:00.1686271","StartTime":"2023-09-10T08:37:48.2897709+00:00","EndTime":"2023-09-10T08:37:48.289771+00:00","Properties":[]},{"TestCase":{"Id":"9600474b-1789-17fa-b590-4987d9d9df88","FullyQualifiedName":"ExaminationsSystem.Application.Test.Features.Exams.Commands.Create.Create_Fail_Return_ValidationError","DisplayName":"ExaminationsSystem.Application.Test.Features.Exams.Commands.Create.Create_Fail_Return_ValidationError","ExecutorUri":"executor://xunit/VsTestRunner2/netcoreapp","Source":"E:\\Github\\Examinations-System\\ExaminationsSystem.Application.Test\\bin\\Debug\\net7.0\\fine-code-coverage\\build-output\\ExaminationsSystem.Application.Test.dll","CodeFilePath":null,"LineNumber":0,"Properties":[]},"Attachments":[],"Outcome":1,"ErrorMessage":null,"ErrorStackTrace":null,"DisplayName":"ExaminationsSystem.Application.Test.Features.Exams.Commands.Create.Create_Fail_Return_ValidationError","Messages":[],"ComputerName":"DESKTOP-UVER2OQ","Duration":"00:00:00.1729665","StartTime":"2023-09-10T08:37:48.2916942+00:00","EndTime":"2023-09-10T08:37:48.2916943+00:00","Properties":[]},{"TestCase":{"Id":"78a7cc87-ce84-4180-090a-f7213086a622","FullyQualifiedName":"ExaminationsSystem.Application.Test.Features.Exams.Commands.Update.Update_Fail_Return_ValidationError","DisplayName":"ExaminationsSystem.Application.Test.Features.Exams.Commands.Update.Update_Fail_Return_ValidationError","ExecutorUri":"executor://xunit/VsTestRunner2/netcoreapp","Source":"E:\\Github\\Examinations-System\\ExaminationsSystem.Application.Test\\bin\\Debug\\net7.0\\fine-code-coverage\\build-output\\ExaminationsSystem.Application.Test.dll","CodeFilePath":null,"LineNumber":0,"Properties":[]},"Attachments":[],"Outcome":1,"ErrorMessage":null,"ErrorStackTrace":null,"DisplayName":"ExaminationsSystem.Application.Test.Features.Exams.Commands.Update.Update_Fail_Return_ValidationError","Messages":[],"ComputerName":"DESKTOP-UVER2OQ","Duration":"00:00:00.1731272","StartTime":"2023-09-10T08:37:48.2923092+00:00","EndTime":"2023-09-10T08:37:48.2923092+00:00","Properties":[]}],"TestRunStatistics":{"ExecutedTests":6,"Stats":{"Passed":6}},"ActiveTests":[{"Id":"2bdf85ee-eb04-36de-04fa-4fe433bbb62e","FullyQualifiedName":"StudentExaminationsSystem.Application.Test.Features.StudentExams.Commands.Update.Update_Fail_Return_ValidationError","DisplayName":"StudentExaminationsSystem.Application.Test.Features.StudentExams.Commands.Update.Update_Fail_Return_ValidationError","ExecutorUri":"executor://xunit/VsTestRunner2/netcoreapp","Source":"E:\\Github\\Examinations-System\\ExaminationsSystem.Application.Test\\bin\\Debug\\net7.0\\fine-code-coverage\\build-output\\ExaminationsSystem.Application.Test.dll","CodeFilePath":null,"LineNumber":0,"Properties":[]},{"Id":"45474cb9-2b7f-5d92-3468-eb2f296ae87b","FullyQualifiedName":"ExaminationsSystem.Application.Test.Features.Questions.Commands.Delete.Delete_Success_Return_DeleteQuestionCommandResponse","DisplayName":"ExaminationsSystem.Application.Test.Features.Questions.Commands.Delete.Delete_Success_Return_DeleteQuestionCommandResponse","ExecutorUri":"executor://xunit/VsTestRunner2/netcoreapp","Source":"E:\\Github\\Examinations-System\\ExaminationsSystem.Application.Test\\bin\\Debug\\net7.0\\fine-code-coverage\\build-output\\ExaminationsSystem.Application.Test.dll","CodeFilePath":null,"LineNumber":0,"Properties":[]},{"Id":"9a1bceaa-eac6-20cf-228b-9a278fd3e576","FullyQualifiedName":"ExaminationsSystem.Application.Test.Features.Exams.Commands.Delete.Delete_Success_Return_DeleteExamCommandResponse","DisplayName":"ExaminationsSystem.Application.Test.Features.Exams.Commands.Delete.Delete_Success_Return_DeleteExamCommandResponse","ExecutorUri":"executor://xunit/VsTestRunner2/netcoreapp","Source":"E:\\Github\\Examinations-System\\ExaminationsSystem.Application.Test\\bin\\Debug\\net7.0\\fine-code-coverage\\build-output\\ExaminationsSystem.Application.Test.dll","CodeFilePath":null,"LineNumber":0,"Properties":[]},{"Id":"937323ef-6c3c-22fa-39ae-e81db991494a","FullyQualifiedName":"ExaminationsSystem.Application.Test.Features.Exams.Commands.Create.Create_Success_Return_CreateExamCommandResponse","DisplayName":"ExaminationsSystem.Application.Test.Features.Exams.Commands.Create.Create_Success_Return_CreateExamCommandResponse","ExecutorUri":"executor://xunit/VsTestRunner2/netcoreapp","Source":"E:\\Github\\Examinations-System\\ExaminationsSystem.Application.Test\\bin\\Debug\\net7.0\\fine-code-coverage\\build-output\\ExaminationsSystem.Application.Test.dll","CodeFilePath":null,"LineNumber":0,"Properties":[]},{"Id":"c999cde6-c934-bcc9-62a8-3dfc8f86cf96","FullyQualifiedName":"ExaminationsSystem.Application.Test.Features.Exams.Commands.Update.Update_Success_Return_UpdateExamCommandResponse","DisplayName":"ExaminationsSystem.Application.Test.Features.Exams.Commands.Update.Update_Success_Return_UpdateExamCommandResponse","ExecutorUri":"executor://xunit/VsTestRunner2/netcoreapp","Source":"E:\\Github\\Examinations-System\\ExaminationsSystem.Application.Test\\bin\\Debug\\net7.0\\fine-code-coverage\\build-output\\ExaminationsSystem.Application.Test.dll","CodeFilePath":null,"LineNumber":0,"Properties":[]}]}}
TpTrace Verbose: 0 : 38856, 14, 2023/09/10, 11:37:48.300, 17084868605743, vstest.console.dll, TestRunRequest:SendTestRunStatsChange: Starting.
TpTrace Verbose: 0 : 38856, 14, 2023/09/10, 11:37:48.300, 17084868606165, vstest.console.dll, InProgress is StudentExaminationsSystem.Application.Test.Features.StudentExams.Commands.Update.Update_Fail_Return_ValidationError
TpTrace Verbose: 0 : 38856, 14, 2023/09/10, 11:37:48.300, 17084868606383, vstest.console.dll, InProgress is ExaminationsSystem.Application.Test.Features.Questions.Commands.Delete.Delete_Success_Return_DeleteQuestionCommandResponse
TpTrace Verbose: 0 : 38856, 14, 2023/09/10, 11:37:48.300, 17084868606520, vstest.console.dll, InProgress is ExaminationsSystem.Application.Test.Features.Exams.Commands.Delete.Delete_Success_Return_DeleteExamCommandResponse
TpTrace Verbose: 0 : 38856, 14, 2023/09/10, 11:37:48.300, 17084868606644, vstest.console.dll, InProgress is ExaminationsSystem.Application.Test.Features.Exams.Commands.Create.Create_Success_Return_CreateExamCommandResponse
TpTrace Verbose: 0 : 38856, 14, 2023/09/10, 11:37:48.300, 17084868606858, vstest.console.dll, InProgress is ExaminationsSystem.Application.Test.Features.Exams.Commands.Update.Update_Success_Return_UpdateExamCommandResponse
TpTrace Verbose: 0 : 38856, 14, 2023/09/10, 11:37:48.301, 17084868607514, vstest.console.dll, MulticastDelegateUtilities.SafeInvoke: TestRun.RunStatsChanged: Invoking callbacks was skipped because there are no subscribers.
TpTrace Information: 0 : 38856, 14, 2023/09/10, 11:37:48.301, 17084868607803, vstest.console.dll, TestRunRequest:SendTestRunStatsChange: Completed.
TpTrace Verbose: 0 : 38856, 14, 2023/09/10, 11:37:48.301, 17084868607995, vstest.console.dll, MulticastDelegateUtilities.SafeInvoke: LengthPrefixCommunicationChannel: MessageReceived: Invoking callback 1/1 for Microsoft.VisualStudio.TestPlatform.CommunicationUtilities.TestRequestSender+<>c__DisplayClass34_0., took 0 ms.
TpTrace Verbose: 0 : 38856, 14, 2023/09/10, 11:37:48.301, 17084868608147, vstest.console.dll, TcpClientExtensions.MessageLoopAsync: Polling on remoteEndPoint: 127.0.0.1:10405 localEndPoint: 127.0.0.1:10404
TpTrace Verbose: 0 : 38856, 14, 2023/09/10, 11:37:48.301, 17084868614367, vstest.console.dll, TcpClientExtensions.MessageLoopAsync: NotifyDataAvailable remoteEndPoint: 127.0.0.1:10405 localEndPoint: 127.0.0.1:10404
TpTrace Verbose: 0 : 38856, 14, 2023/09/10, 11:37:48.301, 17084868615644, vstest.console.dll, TestRequestSender.OnExecutionMessageReceived: Received message: {"Version":7,"MessageType":"TestExecution.StatsChange","Payload":{"NewTestResults":[{"TestCase":{"Id":"cd7a0ad5-b4d0-e5ae-bc1d-c20fa49d1a0e","FullyQualifiedName":"StudentExaminationsSystem.Application.Test.Features.StudentExams.Commands.Create.Create_Success_Return_CreateStudentExamCommandResponse","DisplayName":"StudentExaminationsSystem.Application.Test.Features.StudentExams.Commands.Create.Create_Success_Return_CreateStudentExamCommandResponse","ExecutorUri":"executor://xunit/VsTestRunner2/netcoreapp","Source":"E:\\Github\\Examinations-System\\ExaminationsSystem.Application.Test\\bin\\Debug\\net7.0\\fine-code-coverage\\build-output\\ExaminationsSystem.Application.Test.dll","CodeFilePath":null,"LineNumber":0,"Properties":[]},"Attachments":[],"Outcome":1,"ErrorMessage":null,"ErrorStackTrace":null,"DisplayName":"StudentExaminationsSystem.Application.Test.Features.StudentExams.Commands.Create.Create_Success_Return_CreateStudentExamCommandResponse","Messages":[],"ComputerName":"DESKTOP-UVER2OQ","Duration":"00:00:00.1766007","StartTime":"2023-09-10T08:37:48.2947403+00:00","EndTime":"2023-09-10T08:37:48.2947404+00:00","Properties":[]},{"TestCase":{"Id":"2bdf85ee-eb04-36de-04fa-4fe433bbb62e","FullyQualifiedName":"StudentExaminationsSystem.Application.Test.Features.StudentExams.Commands.Update.Update_Fail_Return_ValidationError","DisplayName":"StudentExaminationsSystem.Application.Test.Features.StudentExams.Commands.Update.Update_Fail_Return_ValidationError","ExecutorUri":"executor://xunit/VsTestRunner2/netcoreapp","Source":"E:\\Github\\Examinations-System\\ExaminationsSystem.Application.Test\\bin\\Debug\\net7.0\\fine-code-coverage\\build-output\\ExaminationsSystem.Application.Test.dll","CodeFilePath":null,"LineNumber":0,"Properties":[]},"Attachments":[],"Outcome":1,"ErrorMessage":null,"ErrorStackTrace":null,"DisplayName":"StudentExaminationsSystem.Application.Test.Features.StudentExams.Commands.Update.Update_Fail_Return_ValidationError","Messages":[],"ComputerName":"DESKTOP-UVER2OQ","Duration":"00:00:00.0221224","StartTime":"2023-09-10T08:37:48.2959708+00:00","EndTime":"2023-09-10T08:37:48.2959709+00:00","Properties":[]},{"TestCase":{"Id":"f6ac48a6-866b-2b71-362e-689dcb2f494c","FullyQualifiedName":"ExaminationsSystem.Application.Test.Features.Questions.Commands.Create.Create_Fail_Return_ValidationError","DisplayName":"ExaminationsSystem.Application.Test.Features.Questions.Commands.Create.Create_Fail_Return_ValidationError","ExecutorUri":"executor://xunit/VsTestRunner2/netcoreapp","Source":"E:\\Github\\Examinations-System\\ExaminationsSystem.Application.Test\\bin\\Debug\\net7.0\\fine-code-coverage\\build-output\\ExaminationsSystem.Application.Test.dll","CodeFilePath":null,"LineNumber":0,"Properties":[]},"Attachments":[],"Outcome":1,"ErrorMessage":null,"ErrorStackTrace":null,"DisplayName":"ExaminationsSystem.Application.Test.Features.Questions.Commands.Create.Create_Fail_Return_ValidationError","Messages":[],"ComputerName":"DESKTOP-UVER2OQ","Duration":"00:00:00.1890599","StartTime":"2023-09-10T08:37:48.2966006+00:00","EndTime":"2023-09-10T08:37:48.2966007+00:00","Properties":[]},{"TestCase":{"Id":"f82612d1-9f5a-0af1-3316-19e159c04d36","FullyQualifiedName":"StudentExaminationsSystem.Application.Test.Features.StudentExams.Commands.Delete.Delete_Fail_Return_ValidationError","DisplayName":"StudentExaminationsSystem.Application.Test.Features.StudentExams.Commands.Delete.Delete_Fail_Return_ValidationError","ExecutorUri":"executor://xunit/VsTestRunner2/netcoreapp","Source":"E:\\Github\\Examinations-System\\ExaminationsSystem.Application.Test\\bin\\Debug\\net7.0\\fine-code-coverage\\build-output\\ExaminationsSystem.Application.Test.dll","CodeFilePath":null,"LineNumber":0,"Properties":[]},"Attachments":[],"Outcome":1,"ErrorMessage":null,"ErrorStackTrace":null,"DisplayName":"StudentExaminationsSystem.Application.Test.Features.StudentExams.Commands.Delete.Delete_Fail_Return_ValidationError","Messages":[],"ComputerName":"DESKTOP-UVER2OQ","Duration":"00:00:00.0226791","StartTime":"2023-09-10T08:37:48.29775+00:00","EndTime":"2023-09-10T08:37:48.29775+00:00","Properties":[]},{"TestCase":{"Id":"49bfaf6a-1b19-65bb-e6f1-c88ac5a8170c","FullyQualifiedName":"ExaminationsSystem.Application.Test.Features.Questions.Commands.Update.Update_Fail_Return_ValidationError","DisplayName":"ExaminationsSystem.Application.Test.Features.Questions.Commands.Update.Update_Fail_Return_ValidationError","ExecutorUri":"executor://xunit/VsTestRunner2/netcoreapp","Source":"E:\\Github\\Examinations-System\\ExaminationsSystem.Application.Test\\bin\\Debug\\net7.0\\fine-code-coverage\\build-output\\ExaminationsSystem.Application.Test.dll","CodeFilePath":null,"LineNumber":0,"Properties":[]},"Attachments":[],"Outcome":1,"ErrorMessage":null,"ErrorStackTrace":null,"DisplayName":"ExaminationsSystem.Application.Test.Features.Questions.Commands.Update.Update_Fail_Return_ValidationError","Messages":[],"ComputerName":"DESKTOP-UVER2OQ","Duration":"00:00:00.1891111","StartTime":"2023-09-10T08:37:48.2983327+00:00","EndTime":"2023-09-10T08:37:48.2983327+00:00","Properties":[]},{"TestCase":{"Id":"45474cb9-2b7f-5d92-3468-eb2f296ae87b","FullyQualifiedName":"ExaminationsSystem.Application.Test.Features.Questions.Commands.Delete.Delete_Success_Return_DeleteQuestionCommandResponse","DisplayName":"ExaminationsSystem.Application.Test.Features.Questions.Commands.Delete.Delete_Success_Return_DeleteQuestionCommandResponse","ExecutorUri":"executor://xunit/VsTestRunner2/netcoreapp","Source":"E:\\Github\\Examinations-System\\ExaminationsSystem.Application.Test\\bin\\Debug\\net7.0\\fine-code-coverage\\build-output\\ExaminationsSystem.Application.Test.dll","CodeFilePath":null,"LineNumber":0,"Properties":[]},"Attachments":[],"Outcome":1,"ErrorMessage":null,"ErrorStackTrace":null,"DisplayName":"ExaminationsSystem.Application.Test.Features.Questions.Commands.Delete.Delete_Success_Return_DeleteQuestionCommandResponse","Messages":[],"ComputerName":"DESKTOP-UVER2OQ","Duration":"00:00:00.0205888","StartTime":"2023-09-10T08:37:48.2997418+00:00","EndTime":"2023-09-10T08:37:48.2997419+00:00","Properties":[]},{"TestCase":{"Id":"9a1bceaa-eac6-20cf-228b-9a278fd3e576","FullyQualifiedName":"ExaminationsSystem.Application.Test.Features.Exams.Commands.Delete.Delete_Success_Return_DeleteExamCommandResponse","DisplayName":"ExaminationsSystem.Application.Test.Features.Exams.Commands.Delete.Delete_Success_Return_DeleteExamCommandResponse","ExecutorUri":"executor://xunit/VsTestRunner2/netcoreapp","Source":"E:\\Github\\Examinations-System\\ExaminationsSystem.Application.Test\\bin\\Debug\\net7.0\\fine-code-coverage\\build-output\\ExaminationsSystem.Application.Test.dll","CodeFilePath":null,"LineNumber":0,"Properties":[]},"Attachments":[],"Outcome":1,"ErrorMessage":null,"ErrorStackTrace":null,"DisplayName":"ExaminationsSystem.Application.Test.Features.Exams.Commands.Delete.Delete_Success_Return_DeleteExamCommandResponse","Messages":[],"ComputerName":"DESKTOP-UVER2OQ","Duration":"00:00:00.0231467","StartTime":"2023-09-10T08:37:48.3004902+00:00","EndTime":"2023-09-10T08:37:48.3004902+00:00","Properties":[]}],"TestRunStatistics":{"ExecutedTests":13,"Stats":{"Passed":13}},"ActiveTests":[{"Id":"ea8256c1-0378-75de-4a10-a2eab3b98b0f","FullyQualifiedName":"StudentExaminationsSystem.Application.Test.Features.StudentExams.Commands.Create.Create_Fail_Return_ValidationError","DisplayName":"StudentExaminationsSystem.Application.Test.Features.StudentExams.Commands.Create.Create_Fail_Return_ValidationError","ExecutorUri":"executor://xunit/VsTestRunner2/netcoreapp","Source":"E:\\Github\\Examinations-System\\ExaminationsSystem.Application.Test\\bin\\Debug\\net7.0\\fine-code-coverage\\build-output\\ExaminationsSystem.Application.Test.dll","CodeFilePath":null,"LineNumber":0,"Properties":[]},{"Id":"d6c7746a-528a-4c04-3ff8-42920aae7a94","FullyQualifiedName":"ExaminationsSystem.Application.Test.Features.Questions.Commands.Create.Create_Success_Return_CreateQuestionCommandResponse","DisplayName":"ExaminationsSystem.Application.Test.Features.Questions.Commands.Create.Create_Success_Return_CreateQuestionCommandResponse","ExecutorUri":"executor://xunit/VsTestRunner2/netcoreapp","Source":"E:\\Github\\Examinations-System\\ExaminationsSystem.Application.Test\\bin\\Debug\\net7.0\\fine-code-coverage\\build-output\\ExaminationsSystem.Application.Test.dll","CodeFilePath":null,"LineNumber":0,"Properties":[]},{"Id":"5b2ecfa1-290f-aa16-385c-106fcb87a92a","FullyQualifiedName":"ExaminationsSystem.Application.Test.Features.Questions.Commands.Update.Update_Success_Return_UpdateQuestionCommandResponse","DisplayName":"ExaminationsSystem.Application.Test.Features.Questions.Commands.Update.Update_Success_Return_UpdateQuestionCommandResponse","ExecutorUri":"executor://xunit/VsTestRunner2/netcoreapp","Source":"E:\\Github\\Examinations-System\\ExaminationsSystem.Application.Test\\bin\\Debug\\net7.0\\fine-code-coverage\\build-output\\ExaminationsSystem.Application.Test.dll","CodeFilePath":null,"LineNumber":0,"Properties":[]}]}}
TpTrace Verbose: 0 : 38856, 14, 2023/09/10, 11:37:48.302, 17084868618805, vstest.console.dll, TestRunRequest:SendTestRunStatsChange: Starting.
TpTrace Verbose: 0 : 38856, 14, 2023/09/10, 11:37:48.302, 17084868619121, vstest.console.dll, InProgress is StudentExaminationsSystem.Application.Test.Features.StudentExams.Commands.Create.Create_Fail_Return_ValidationError
TpTrace Verbose: 0 : 38856, 14, 2023/09/10, 11:37:48.302, 17084868619315, vstest.console.dll, InProgress is ExaminationsSystem.Application.Test.Features.Questions.Commands.Create.Create_Success_Return_CreateQuestionCommandResponse
TpTrace Verbose: 0 : 38856, 14, 2023/09/10, 11:37:48.302, 17084868619453, vstest.console.dll, InProgress is ExaminationsSystem.Application.Test.Features.Questions.Commands.Update.Update_Success_Return_UpdateQuestionCommandResponse
TpTrace Verbose: 0 : 38856, 14, 2023/09/10, 11:37:48.302, 17084868619884, vstest.console.dll, MulticastDelegateUtilities.SafeInvoke: TestRun.RunStatsChanged: Invoking callbacks was skipped because there are no subscribers.
TpTrace Information: 0 : 38856, 14, 2023/09/10, 11:37:48.302, 17084868620080, vstest.console.dll, TestRunRequest:SendTestRunStatsChange: Completed.
TpTrace Verbose: 0 : 38856, 14, 2023/09/10, 11:37:48.302, 17084868620385, vstest.console.dll, MulticastDelegateUtilities.SafeInvoke: LengthPrefixCommunicationChannel: MessageReceived: Invoking callback 1/1 for Microsoft.VisualStudio.TestPlatform.CommunicationUtilities.TestRequestSender+<>c__DisplayClass34_0., took 0 ms.
TpTrace Verbose: 0 : 38856, 14, 2023/09/10, 11:37:48.302, 17084868620574, vstest.console.dll, TcpClientExtensions.MessageLoopAsync: Polling on remoteEndPoint: 127.0.0.1:10405 localEndPoint: 127.0.0.1:10404
TpTrace Verbose: 0 : 38856, 4, 2023/09/10, 11:37:48.302, 17084868620539, vstest.console.dll, MulticastDelegateUtilities.SafeInvoke: InternalTestLoggerEvents.SendTestResult: Invoking callback 1/1 for Microsoft.VisualStudio.TestPlatform.CommandLine.Internal.ConsoleLogger., took 2 ms.
TpTrace Verbose: 0 : 38856, 4, 2023/09/10, 11:37:48.302, 17084868622359, vstest.console.dll, MulticastDelegateUtilities.SafeInvoke: InternalTestLoggerEvents.SendTestResult: Invoking callback 1/1 for Microsoft.VisualStudio.TestPlatform.CommandLine.Internal.ConsoleLogger., took 0 ms.
TpTrace Verbose: 0 : 38856, 4, 2023/09/10, 11:37:48.303, 17084868627866, vstest.console.dll, MulticastDelegateUtilities.SafeInvoke: InternalTestLoggerEvents.SendTestResult: Invoking callback 1/1 for Microsoft.VisualStudio.TestPlatform.CommandLine.Internal.ConsoleLogger., took 0 ms.
TpTrace Verbose: 0 : 38856, 4, 2023/09/10, 11:37:48.303, 17084868628434, vstest.console.dll, MulticastDelegateUtilities.SafeInvoke: InternalTestLoggerEvents.SendTestResult: Invoking callback 1/1 for Microsoft.VisualStudio.TestPlatform.CommandLine.Internal.ConsoleLogger., took 0 ms.
TpTrace Verbose: 0 : 38856, 4, 2023/09/10, 11:37:48.303, 17084868628930, vstest.console.dll, MulticastDelegateUtilities.SafeInvoke: InternalTestLoggerEvents.SendTestResult: Invoking callback 1/1 for Microsoft.VisualStudio.TestPlatform.CommandLine.Internal.ConsoleLogger., took 0 ms.
TpTrace Verbose: 0 : 38856, 4, 2023/09/10, 11:37:48.303, 17084868629244, vstest.console.dll, MulticastDelegateUtilities.SafeInvoke: InternalTestLoggerEvents.SendTestResult: Invoking callback 1/1 for Microsoft.VisualStudio.TestPlatform.CommandLine.Internal.ConsoleLogger., took 0 ms.
TpTrace Verbose: 0 : 38856, 4, 2023/09/10, 11:37:48.303, 17084868629561, vstest.console.dll, MulticastDelegateUtilities.SafeInvoke: InternalTestLoggerEvents.SendTestResult: Invoking callback 1/1 for Microsoft.VisualStudio.TestPlatform.CommandLine.Internal.ConsoleLogger., took 0 ms.
TpTrace Verbose: 0 : 38856, 4, 2023/09/10, 11:37:48.303, 17084868629847, vstest.console.dll, MulticastDelegateUtilities.SafeInvoke: InternalTestLoggerEvents.SendTestResult: Invoking callback 1/1 for Microsoft.VisualStudio.TestPlatform.CommandLine.Internal.ConsoleLogger., took 0 ms.
TpTrace Verbose: 0 : 38856, 4, 2023/09/10, 11:37:48.303, 17084868630118, vstest.console.dll, MulticastDelegateUtilities.SafeInvoke: InternalTestLoggerEvents.SendTestResult: Invoking callback 1/1 for Microsoft.VisualStudio.TestPlatform.CommandLine.Internal.ConsoleLogger., took 0 ms.
TpTrace Verbose: 0 : 38856, 4, 2023/09/10, 11:37:48.303, 17084868630363, vstest.console.dll, MulticastDelegateUtilities.SafeInvoke: InternalTestLoggerEvents.SendTestResult: Invoking callback 1/1 for Microsoft.VisualStudio.TestPlatform.CommandLine.Internal.ConsoleLogger., took 0 ms.
TpTrace Verbose: 0 : 38856, 4, 2023/09/10, 11:37:48.303, 17084868630612, vstest.console.dll, MulticastDelegateUtilities.SafeInvoke: InternalTestLoggerEvents.SendTestResult: Invoking callback 1/1 for Microsoft.VisualStudio.TestPlatform.CommandLine.Internal.ConsoleLogger., took 0 ms.
TpTrace Verbose: 0 : 38856, 4, 2023/09/10, 11:37:48.303, 17084868630843, vstest.console.dll, MulticastDelegateUtilities.SafeInvoke: InternalTestLoggerEvents.SendTestResult: Invoking callback 1/1 for Microsoft.VisualStudio.TestPlatform.CommandLine.Internal.ConsoleLogger., took 0 ms.
TpTrace Verbose: 0 : 38856, 4, 2023/09/10, 11:37:48.303, 17084868631077, vstest.console.dll, MulticastDelegateUtilities.SafeInvoke: InternalTestLoggerEvents.SendTestResult: Invoking callback 1/1 for Microsoft.VisualStudio.TestPlatform.CommandLine.Internal.ConsoleLogger., took 0 ms.
TpTrace Verbose: 0 : 38856, 14, 2023/09/10, 11:37:48.306, 17084868659240, vstest.console.dll, TcpClientExtensions.MessageLoopAsync: NotifyDataAvailable remoteEndPoint: 127.0.0.1:10405 localEndPoint: 127.0.0.1:10404
TpTrace Verbose: 0 : 38856, 14, 2023/09/10, 11:37:48.306, 17084868660264, vstest.console.dll, TestRequestSender.OnExecutionMessageReceived: Received message: {"Version":7,"MessageType":"TestSession.Message","Payload":{"MessageLevel":0,"Message":"[xUnit.net 00:00:01.02]   Finished:    ExaminationsSystem.Application.Test"}}
TpTrace Verbose: 0 : 38856, 14, 2023/09/10, 11:37:48.306, 17084868661089, vstest.console.dll, TestRunRequest:SendTestRunMessage: Starting.
TpTrace Verbose: 0 : 38856, 14, 2023/09/10, 11:37:48.306, 17084868661469, vstest.console.dll, MulticastDelegateUtilities.SafeInvoke: TestRun.LogMessages: Invoking callback 1/1 for Microsoft.VisualStudio.TestPlatform.CommandLine.TestRunResultAggregator., took 0 ms.
TpTrace Verbose: 0 : 38856, 4, 2023/09/10, 11:37:48.306, 17084868661551, vstest.console.dll, MulticastDelegateUtilities.SafeInvoke: InternalTestLoggerEvents.SendTestRunMessage: Invoking callback 1/1 for Microsoft.VisualStudio.TestPlatform.CommandLine.Internal.ConsoleLogger., took 0 ms.
TpTrace Information: 0 : 38856, 14, 2023/09/10, 11:37:48.306, 17084868661639, vstest.console.dll, TestRunRequest:SendTestRunMessage: Completed.
TpTrace Verbose: 0 : 38856, 14, 2023/09/10, 11:37:48.306, 17084868662194, vstest.console.dll, MulticastDelegateUtilities.SafeInvoke: LengthPrefixCommunicationChannel: MessageReceived: Invoking callback 1/1 for Microsoft.VisualStudio.TestPlatform.CommunicationUtilities.TestRequestSender+<>c__DisplayClass34_0., took 0 ms.
TpTrace Verbose: 0 : 38856, 14, 2023/09/10, 11:37:48.306, 17084868662381, vstest.console.dll, TcpClientExtensions.MessageLoopAsync: Polling on remoteEndPoint: 127.0.0.1:10405 localEndPoint: 127.0.0.1:10404
TpTrace Verbose: 0 : 38856, 14, 2023/09/10, 11:37:48.318, 17084868783359, vstest.console.dll, TcpClientExtensions.MessageLoopAsync: NotifyDataAvailable remoteEndPoint: 127.0.0.1:10405 localEndPoint: 127.0.0.1:10404
TpTrace Verbose: 0 : 38856, 14, 2023/09/10, 11:37:48.318, 17084868785137, vstest.console.dll, TestRequestSender.OnExecutionMessageReceived: Received message: {"Version":7,"MessageType":"TestExecution.Completed","Payload":{"TestRunCompleteArgs":{"TestRunStatistics":{"ExecutedTests":18,"Stats":{"Passed":18}},"IsCanceled":false,"IsAborted":false,"Error":null,"AttachmentSets":[],"InvokedDataCollectors":[],"ElapsedTimeInRunningTests":"00:00:01.0346423","Metrics":{},"DiscoveredExtensions":{"TestDiscoverers":["Xunit.Runner.VisualStudio.VsTestRunner, xunit.runner.visualstudio.dotnetcore.testadapter, Version=2.4.0.0, Culture=neutral, PublicKeyToken=8d05b1bb7a6fdb6c"],"TestExecutors":["executor://xunit/VsTestRunner2/netcoreapp"],"TestExecutors2":[],"TestSettingsProviders":[]}},"LastRunTests":{"NewTestResults":[{"TestCase":{"Id":"ea8256c1-0378-75de-4a10-a2eab3b98b0f","FullyQualifiedName":"StudentExaminationsSystem.Application.Test.Features.StudentExams.Commands.Create.Create_Fail_Return_ValidationError","DisplayName":"StudentExaminationsSystem.Application.Test.Features.StudentExams.Commands.Create.Create_Fail_Return_ValidationError","ExecutorUri":"executor://xunit/VsTestRunner2/netcoreapp","Source":"E:\\Github\\Examinations-System\\ExaminationsSystem.Application.Test\\bin\\Debug\\net7.0\\fine-code-coverage\\build-output\\ExaminationsSystem.Application.Test.dll","CodeFilePath":null,"LineNumber":0,"Properties":[]},"Attachments":[],"Outcome":1,"ErrorMessage":null,"ErrorStackTrace":null,"DisplayName":"StudentExaminationsSystem.Application.Test.Features.StudentExams.Commands.Create.Create_Fail_Return_ValidationError","Messages":[],"ComputerName":"DESKTOP-UVER2OQ","Duration":"00:00:00.0224969","StartTime":"2023-09-10T08:37:48.3018488+00:00","EndTime":"2023-09-10T08:37:48.3018489+00:00","Properties":[]},{"TestCase":{"Id":"937323ef-6c3c-22fa-39ae-e81db991494a","FullyQualifiedName":"ExaminationsSystem.Application.Test.Features.Exams.Commands.Create.Create_Success_Return_CreateExamCommandResponse","DisplayName":"ExaminationsSystem.Application.Test.Features.Exams.Commands.Create.Create_Success_Return_CreateExamCommandResponse","ExecutorUri":"executor://xunit/VsTestRunner2/netcoreapp","Source":"E:\\Github\\Examinations-System\\ExaminationsSystem.Application.Test\\bin\\Debug\\net7.0\\fine-code-coverage\\build-output\\ExaminationsSystem.Application.Test.dll","CodeFilePath":null,"LineNumber":0,"Properties":[]},"Attachments":[],"Outcome":1,"ErrorMessage":null,"ErrorStackTrace":null,"DisplayName":"ExaminationsSystem.Application.Test.Features.Exams.Commands.Create.Create_Success_Return_CreateExamCommandResponse","Messages":[],"ComputerName":"DESKTOP-UVER2OQ","Duration":"00:00:00.0297412","StartTime":"2023-09-10T08:37:48.3025368+00:00","EndTime":"2023-09-10T08:37:48.3025369+00:00","Properties":[]},{"TestCase":{"Id":"c999cde6-c934-bcc9-62a8-3dfc8f86cf96","FullyQualifiedName":"ExaminationsSystem.Application.Test.Features.Exams.Commands.Update.Update_Success_Return_UpdateExamCommandResponse","DisplayName":"ExaminationsSystem.Application.Test.Features.Exams.Commands.Update.Update_Success_Return_UpdateExamCommandResponse","ExecutorUri":"executor://xunit/VsTestRunner2/netcoreapp","Source":"E:\\Github\\Examinations-System\\ExaminationsSystem.Application.Test\\bin\\Debug\\net7.0\\fine-code-coverage\\build-output\\ExaminationsSystem.Application.Test.dll","CodeFilePath":null,"LineNumber":0,"Properties":[]},"Attachments":[],"Outcome":1,"ErrorMessage":null,"ErrorStackTrace":null,"DisplayName":"ExaminationsSystem.Application.Test.Features.Exams.Commands.Update.Update_Success_Return_UpdateExamCommandResponse","Messages":[],"ComputerName":"DESKTOP-UVER2OQ","Duration":"00:00:00.0297938","StartTime":"2023-09-10T08:37:48.3032533+00:00","EndTime":"2023-09-10T08:37:48.3032534+00:00","Properties":[]},{"TestCase":{"Id":"d6c7746a-528a-4c04-3ff8-42920aae7a94","FullyQualifiedName":"ExaminationsSystem.Application.Test.Features.Questions.Commands.Create.Create_Success_Return_CreateQuestionCommandResponse","DisplayName":"ExaminationsSystem.Application.Test.Features.Questions.Commands.Create.Create_Success_Return_CreateQuestionCommandResponse","ExecutorUri":"executor://xunit/VsTestRunner2/netcoreapp","Source":"E:\\Github\\Examinations-System\\ExaminationsSystem.Application.Test\\bin\\Debug\\net7.0\\fine-code-coverage\\build-output\\ExaminationsSystem.Application.Test.dll","CodeFilePath":null,"LineNumber":0,"Properties":[]},"Attachments":[],"Outcome":1,"ErrorMessage":null,"ErrorStackTrace":null,"DisplayName":"ExaminationsSystem.Application.Test.Features.Questions.Commands.Create.Create_Success_Return_CreateQuestionCommandResponse","Messages":[],"ComputerName":"DESKTOP-UVER2OQ","Duration":"00:00:00.0251295","StartTime":"2023-09-10T08:37:48.3038805+00:00","EndTime":"2023-09-10T08:37:48.3038806+00:00","Properties":[]},{"TestCase":{"Id":"5b2ecfa1-290f-aa16-385c-106fcb87a92a","FullyQualifiedName":"ExaminationsSystem.Application.Test.Features.Questions.Commands.Update.Update_Success_Return_UpdateQuestionCommandResponse","DisplayName":"ExaminationsSystem.Application.Test.Features.Questions.Commands.Update.Update_Success_Return_UpdateQuestionCommandResponse","ExecutorUri":"executor://xunit/VsTestRunner2/netcoreapp","Source":"E:\\Github\\Examinations-System\\ExaminationsSystem.Application.Test\\bin\\Debug\\net7.0\\fine-code-coverage\\build-output\\ExaminationsSystem.Application.Test.dll","CodeFilePath":null,"LineNumber":0,"Properties":[]},"Attachments":[],"Outcome":1,"ErrorMessage":null,"ErrorStackTrace":null,"DisplayName":"ExaminationsSystem.Application.Test.Features.Questions.Commands.Update.Update_Success_Return_UpdateQuestionCommandResponse","Messages":[],"ComputerName":"DESKTOP-UVER2OQ","Duration":"00:00:00.0251718","StartTime":"2023-09-10T08:37:48.3045204+00:00","EndTime":"2023-09-10T08:37:48.3045204+00:00","Properties":[]}],"TestRunStatistics":{"ExecutedTests":18,"Stats":{"Passed":18}},"ActiveTests":[]},"RunAttachments":[],"ExecutorUris":["executor://xunit/VsTestRunner2/netcoreapp"]}}
TpTrace Verbose: 0 : 38856, 14, 2023/09/10, 11:37:48.318, 17084868786121, vstest.console.dll, TestRequestSender.EndSession: Sending end session.
TpTrace Verbose: 0 : 38856, 14, 2023/09/10, 11:37:48.319, 17084868787298, vstest.console.dll, ProxyOperationManager.Close: waiting for test host to exit for 100 ms
TpTrace Warning: 0 : 38856, 12, 2023/09/10, 11:37:48.328, 17084868883389, vstest.console.dll, TestHostManagerCallbacks.ErrorReceivedCallback Test host standard error line: 
TpTrace Verbose: 0 : 38856, 12, 2023/09/10, 11:37:48.339, 17084868991220, vstest.console.dll, TestHostProvider.ExitCallBack: Host exited starting callback.
TpTrace Information: 0 : 38856, 12, 2023/09/10, 11:37:48.339, 17084868992787, vstest.console.dll, TestHostManagerCallbacks.ExitCallBack: Testhost processId: 33404 exited with exitcode: 0 error: ''
TpTrace Verbose: 0 : 38856, 12, 2023/09/10, 11:37:48.339, 17084868993151, vstest.console.dll, DotnetTestHostManager.OnHostExited: invoking OnHostExited callback
TpTrace Verbose: 0 : 38856, 12, 2023/09/10, 11:37:48.339, 17084868993538, vstest.console.dll, CrossPlatEngine.TestHostManagerHostExited: calling on client process exit callback.
TpTrace Information: 0 : 38856, 12, 2023/09/10, 11:37:48.339, 17084868993888, vstest.console.dll, TestRequestSender.OnClientProcessExit: Test host process exited. Standard error: 
TpTrace Information: 0 : 38856, 12, 2023/09/10, 11:37:48.339, 17084868994138, vstest.console.dll, SocketServer.Stop: Stop server endPoint: 127.0.0.1:10404
TpTrace Information: 0 : 38856, 12, 2023/09/10, 11:37:48.339, 17084868994293, vstest.console.dll, SocketServer.Stop: Cancellation requested. Stopping message loop.
TpTrace Information: 0 : 38856, 14, 2023/09/10, 11:37:48.339, 17084868994487, vstest.console.dll, SocketServer.Stop: Stop server endPoint: 127.0.0.1:10404
TpTrace Information: 0 : 38856, 14, 2023/09/10, 11:37:48.339, 17084868994863, vstest.console.dll, SocketServer.Stop: Cancellation requested. Stopping message loop.
TpTrace Verbose: 0 : 38856, 12, 2023/09/10, 11:37:48.339, 17084868994814, vstest.console.dll, MulticastDelegateUtilities.SafeInvoke: HostProviderEvents.OnHostExited: Invoking callback 1/1 for Microsoft.VisualStudio.TestPlatform.CrossPlatEngine.Client.ProxyOperationManager., took 0 ms.
TpTrace Information: 0 : 38856, 14, 2023/09/10, 11:37:48.339, 17084868995148, vstest.console.dll, Closing the connection
TpTrace Verbose: 0 : 38856, 14, 2023/09/10, 11:37:48.339, 17084868996788, vstest.console.dll, ProxyDataCollectionManager.InvokeDataCollectionServiceAction: Starting.
TpTrace Information: 0 : 38856, 14, 2023/09/10, 11:37:48.340, 17084868997187, vstest.console.dll, ProxyDataCollectionManager.AfterTestRunEnd: Get attachment set and invoked data collectors processId: 25100 port: 10401
TpTrace Verbose: 0 : 38856, 14, 2023/09/10, 11:37:48.340, 17084868997564, vstest.console.dll, DataCollectionRequestSender.SendAfterTestRunStartAndGetResult: Send AfterTestRunEnd message with isCancelled: False
TpTrace Verbose: 0 : 38856, 14, 2023/09/10, 11:37:48.346, 17084869057117, vstest.console.dll, DataCollectionRequestSender.SendAfterTestRunStartAndGetResult: Received message: (DataCollection.AfterTestRunEndResult) -> {"MessageType":"DataCollection.AfterTestRunEndResult","Payload":{"AttachmentSets":[],"InvokedDataCollectors":[{"Uri":"datacollector://Microsoft/TestPlatform/Extensions/Blame/v1","FriendlyName":"Blame","AssemblyQualifiedName":"Microsoft.TestPlatform.Extensions.BlameDataCollector.BlameCollector, Microsoft.TestPlatform.Extensions.BlameDataCollector, Version=15.0.0.0, Culture=neutral, PublicKeyToken=b03f5f7f11d50a3a","FilePath":"C:\\Program Files\\dotnet\\sdk\\7.0.306\\Extensions\\Microsoft.TestPlatform.Extensions.BlameDataCollector.dll","HasAttachmentProcessor":false}],"Metrics":{}}}
TpTrace Warning: 0 : 38856, 11, 2023/09/10, 11:37:48.350, 17084869098844, vstest.console.dll, DataCollectionLauncher.ErrorReceivedCallback datacollector standard error line: 
TpTrace Information: 0 : 38856, 14, 2023/09/10, 11:37:48.350, 17084869098843, vstest.console.dll, ProxyDataCollectionManager.InvokeDataCollectionServiceAction: Completed.
TpTrace Information: 0 : 38856, 11, 2023/09/10, 11:37:48.354, 17084869138423, vstest.console.dll, DataCollectionLauncher.ExitCallBack: Data collector exited with exitcode: 0 error: ''
TpTrace Verbose: 0 : 38856, 14, 2023/09/10, 11:37:48.381, 17084869412104, vstest.console.dll, TestRunRequest:SendTestRunStatsChange: Starting.
TpTrace Verbose: 0 : 38856, 14, 2023/09/10, 11:37:48.381, 17084869413189, vstest.console.dll, MulticastDelegateUtilities.SafeInvoke: TestRun.RunStatsChanged: Invoking callbacks was skipped because there are no subscribers.
TpTrace Information: 0 : 38856, 14, 2023/09/10, 11:37:48.381, 17084869413416, vstest.console.dll, TestRunRequest:SendTestRunStatsChange: Completed.
TpTrace Verbose: 0 : 38856, 4, 2023/09/10, 11:37:48.381, 17084869413735, vstest.console.dll, MulticastDelegateUtilities.SafeInvoke: InternalTestLoggerEvents.SendTestResult: Invoking callback 1/1 for Microsoft.VisualStudio.TestPlatform.CommandLine.Internal.ConsoleLogger., took 0 ms.
TpTrace Verbose: 0 : 38856, 4, 2023/09/10, 11:37:48.381, 17084869414389, vstest.console.dll, MulticastDelegateUtilities.SafeInvoke: InternalTestLoggerEvents.SendTestResult: Invoking callback 1/1 for Microsoft.VisualStudio.TestPlatform.CommandLine.Internal.ConsoleLogger., took 0 ms.
TpTrace Verbose: 0 : 38856, 4, 2023/09/10, 11:37:48.381, 17084869414773, vstest.console.dll, MulticastDelegateUtilities.SafeInvoke: InternalTestLoggerEvents.SendTestResult: Invoking callback 1/1 for Microsoft.VisualStudio.TestPlatform.CommandLine.Internal.ConsoleLogger., took 0 ms.
TpTrace Verbose: 0 : 38856, 4, 2023/09/10, 11:37:48.381, 17084869415098, vstest.console.dll, MulticastDelegateUtilities.SafeInvoke: InternalTestLoggerEvents.SendTestResult: Invoking callback 1/1 for Microsoft.VisualStudio.TestPlatform.CommandLine.Internal.ConsoleLogger., took 0 ms.
TpTrace Verbose: 0 : 38856, 4, 2023/09/10, 11:37:48.381, 17084869415379, vstest.console.dll, MulticastDelegateUtilities.SafeInvoke: InternalTestLoggerEvents.SendTestResult: Invoking callback 1/1 for Microsoft.VisualStudio.TestPlatform.CommandLine.Internal.ConsoleLogger., took 0 ms.
TpTrace Verbose: 0 : 38856, 14, 2023/09/10, 11:37:48.381, 17084869416183, vstest.console.dll, ParallelProxyExecutionManager: HandlePartialRunComplete: Total completed clients = 1, Run complete = True, Run canceled: False.
TpTrace Verbose: 0 : 38856, 4, 2023/09/10, 11:37:48.387, 17084869476464, vstest.console.dll, MulticastDelegateUtilities.SafeInvoke: InternalTestLoggerEvents.SendTestRunComplete: Invoking callback 1/2 for Microsoft.TestPlatform.Extensions.BlameDataCollector.BlameLogger., took 0 ms.
TpTrace Verbose: 0 : 38856, 4, 2023/09/10, 11:37:48.391, 17084869515517, vstest.console.dll, MulticastDelegateUtilities.SafeInvoke: InternalTestLoggerEvents.SendTestRunComplete: Invoking callback 2/2 for Microsoft.VisualStudio.TestPlatform.CommandLine.Internal.ConsoleLogger., took 3 ms.
TpTrace Verbose: 0 : 38856, 14, 2023/09/10, 11:37:48.392, 17084869517501, vstest.console.dll, TestRunRequest:TestRunComplete: Starting. IsAborted:False IsCanceled:False.
TpTrace Verbose: 0 : 38856, 14, 2023/09/10, 11:37:48.392, 17084869525866, vstest.console.dll, TestLoggerManager.HandleTestRunComplete: Ignoring as the object is disposed.
TpTrace Verbose: 0 : 38856, 14, 2023/09/10, 11:37:48.393, 17084869527230, vstest.console.dll, MulticastDelegateUtilities.SafeInvoke: TestRun.TestRunComplete: Invoking callback 1/2 for Microsoft.VisualStudio.TestPlatform.CommandLine.TestRunResultAggregator., took 0 ms.
TpTrace Verbose: 0 : 38856, 14, 2023/09/10, 11:37:48.393, 17084869528232, vstest.console.dll, MulticastDelegateUtilities.SafeInvoke: TestRun.TestRunComplete: Invoking callback 2/2 for Microsoft.VisualStudio.TestPlatform.CommandLine.Processors.RunTestsArgumentExecutor+TestRunRequestEventsRegistrar., took 0 ms.
TpTrace Information: 0 : 38856, 14, 2023/09/10, 11:37:48.393, 17084869528869, vstest.console.dll, TestRunRequest:TestRunComplete: Completed.
TpTrace Verbose: 0 : 38856, 14, 2023/09/10, 11:37:48.393, 17084869529142, vstest.console.dll, TestRequestSender.SetOperationComplete: Setting operation complete.
TpTrace Verbose: 0 : 38856, 1, 2023/09/10, 11:37:48.393, 17084869529194, vstest.console.dll, TestRunRequest.Dispose: Starting.
TpTrace Information: 0 : 38856, 14, 2023/09/10, 11:37:48.393, 17084869529319, vstest.console.dll, SocketServer.Stop: Stop server endPoint: 127.0.0.1:10404
TpTrace Information: 0 : 38856, 1, 2023/09/10, 11:37:48.393, 17084869529712, vstest.console.dll, TestRunRequest.Dispose: Completed.
TpTrace Information: 0 : 38856, 14, 2023/09/10, 11:37:48.393, 17084869529995, vstest.console.dll, SocketServer.Stop: Cancellation requested. Stopping message loop.
TpTrace Information: 0 : 38856, 1, 2023/09/10, 11:37:48.393, 17084869530068, vstest.console.dll, TestRequestManager.RunTests: run tests completed.
TpTrace Verbose: 0 : 38856, 14, 2023/09/10, 11:37:48.393, 17084869530283, vstest.console.dll, MulticastDelegateUtilities.SafeInvoke: LengthPrefixCommunicationChannel: MessageReceived: Invoking callback 1/1 for Microsoft.VisualStudio.TestPlatform.CommunicationUtilities.TestRequestSender+<>c__DisplayClass34_0., took 74 ms.
TpTrace Information: 0 : 38856, 14, 2023/09/10, 11:37:48.393, 17084869530607, vstest.console.dll, SocketServer.PrivateStop: Stopping server endPoint: 127.0.0.1:10404 error: 
TpTrace Information: 0 : 38856, 1, 2023/09/10, 11:37:48.393, 17084869531122, vstest.console.dll, RunTestsArgumentProcessor:Execute: Test run is completed.
TpTrace Verbose: 0 : 38856, 1, 2023/09/10, 11:37:48.393, 17084869532752, vstest.console.dll, Executor.Execute: Exiting with exit code of 0
TpTrace Verbose: 0 : 38856, 14, 2023/09/10, 11:37:48.393, 17084869533657, vstest.console.dll, LengthPrefixCommunicationChannel.Dispose: Dispose reader and writer.
TpTrace Information: 0 : 38856, 14, 2023/09/10, 11:37:48.393, 17084869534176, vstest.console.dll, SocketServer.Stop: Raise disconnected event endPoint: 127.0.0.1:10404 error: 
TpTrace Verbose: 0 : 38856, 14, 2023/09/10, 11:37:48.393, 17084869534762, vstest.console.dll, TestRequestSender: OnTestRunAbort: Operation is already complete. Skip error message.
TpTrace Verbose: 0 : 38856, 14, 2023/09/10, 11:37:48.393, 17084869535033, vstest.console.dll, MulticastDelegateUtilities.SafeInvoke: SocketServer: ClientDisconnected: Invoking callback 1/1 for Microsoft.VisualStudio.TestPlatform.CommunicationUtilities.TestRequestSender., took 0 ms.
TpTrace Verbose: 0 : 38856, 14, 2023/09/10, 11:37:48.393, 17084869535794, vstest.console.dll, TcpClientExtensions.MessageLoopAsync: exiting MessageLoopAsync remoteEndPoint: 127.0.0.1:10405 localEndPoint: 127.0.0.1:10404
